[2021-05-14 22:24:26,134: INFO/MainProcess] Connected to amqp://coin_user:**@127.0.0.1:5672/coin_fetcher
[2021-05-14 22:24:26,152: INFO/MainProcess] mingle: searching for neighbors
[2021-05-14 22:24:27,181: INFO/MainProcess] mingle: sync with 1 nodes
[2021-05-14 22:24:27,182: INFO/MainProcess] mingle: sync complete
[2021-05-14 22:24:27,204: INFO/MainProcess] bitfinexWorker@h ready.
[2021-05-14 22:24:44,025: INFO/MainProcess] Received task: celery_tasks.bitfinex_fetchOHLCV_task[835f8a5c-d6b9-4092-843a-e1634be17299]  
[2021-05-14 22:24:44,571: WARNING/ForkPoolWorker-7] === Fetching OHLCVs for symbol 1INCH:USD
[2021-05-14 22:24:44,572: WARNING/ForkPoolWorker-7] === Fetching OHLCVs for symbol 1INCH:UST
[2021-05-14 22:24:44,572: WARNING/ForkPoolWorker-7] === Fetching OHLCVs for symbol AAABBB
[2021-05-14 22:24:44,572: WARNING/ForkPoolWorker-7] === Fetching OHLCVs for symbol AAVE:USD
[2021-05-14 22:24:44,572: WARNING/ForkPoolWorker-7] === Fetching OHLCVs for symbol AAVE:UST
[2021-05-14 22:24:44,572: WARNING/ForkPoolWorker-7] === Fetching OHLCVs for symbol ADABTC
[2021-05-14 22:24:44,572: WARNING/ForkPoolWorker-7] === Fetching OHLCVs for symbol ADAUSD
[2021-05-14 22:24:44,572: WARNING/ForkPoolWorker-7] === Fetching OHLCVs for symbol ADAUST
[2021-05-14 22:24:44,572: WARNING/ForkPoolWorker-7] === Fetching OHLCVs for symbol ALBT:USD
[2021-05-14 22:24:44,572: WARNING/ForkPoolWorker-7] === Fetching OHLCVs for symbol ALBT:UST
[2021-05-14 22:24:44,572: WARNING/ForkPoolWorker-7] === Fetching OHLCVs for symbol ALGBTC
[2021-05-14 22:24:44,572: WARNING/ForkPoolWorker-7] === Fetching OHLCVs for symbol ALGUSD
[2021-05-14 22:24:44,573: WARNING/ForkPoolWorker-7] === Fetching OHLCVs for symbol ALGUST
[2021-05-14 22:24:44,573: WARNING/ForkPoolWorker-7] === Fetching OHLCVs for symbol AMPBTC
[2021-05-14 22:24:44,573: WARNING/ForkPoolWorker-7] === Fetching OHLCVs for symbol AMPUSD
[2021-05-14 22:24:44,573: WARNING/ForkPoolWorker-7] === Fetching OHLCVs for symbol AMPUST
[2021-05-14 22:24:44,573: WARNING/ForkPoolWorker-7] === Fetching OHLCVs for symbol ANTBTC
[2021-05-14 22:24:44,573: WARNING/ForkPoolWorker-7] === Fetching OHLCVs for symbol ANTETH
[2021-05-14 22:24:44,573: WARNING/ForkPoolWorker-7] === Fetching OHLCVs for symbol ANTUSD
[2021-05-14 22:24:44,573: WARNING/ForkPoolWorker-7] === Fetching OHLCVs for symbol ATOBTC
[2021-05-14 22:24:44,573: WARNING/ForkPoolWorker-7] === Fetching OHLCVs for symbol ATOETH
[2021-05-14 22:24:44,573: WARNING/ForkPoolWorker-7] === Fetching OHLCVs for symbol ATOUSD
[2021-05-14 22:24:44,573: WARNING/ForkPoolWorker-7] === Fetching OHLCVs for symbol AVAX:USD
[2021-05-14 22:24:44,574: WARNING/ForkPoolWorker-7] === Fetching OHLCVs for symbol AVAX:UST
[2021-05-14 22:24:44,574: WARNING/ForkPoolWorker-7] === Fetching OHLCVs for symbol B21X:USD
[2021-05-14 22:24:44,574: WARNING/ForkPoolWorker-7] === Fetching OHLCVs for symbol B21X:UST
[2021-05-14 22:24:44,574: WARNING/ForkPoolWorker-7] === Fetching OHLCVs for symbol BALUSD
[2021-05-14 22:24:44,574: WARNING/ForkPoolWorker-7] === Fetching OHLCVs for symbol BALUST
[2021-05-14 22:24:44,574: WARNING/ForkPoolWorker-7] === Fetching OHLCVs for symbol BAND:USD
[2021-05-14 22:24:44,574: WARNING/ForkPoolWorker-7] === Fetching OHLCVs for symbol BAND:UST
[2021-05-14 22:24:44,574: WARNING/ForkPoolWorker-7] === Fetching OHLCVs for symbol BATBTC
[2021-05-14 22:24:44,574: WARNING/ForkPoolWorker-7] === Fetching OHLCVs for symbol BATETH
[2021-05-14 22:24:44,574: WARNING/ForkPoolWorker-7] === Fetching OHLCVs for symbol BATUSD
[2021-05-14 22:24:44,574: WARNING/ForkPoolWorker-7] === Fetching OHLCVs for symbol BCHABC:USD
[2021-05-14 22:24:44,575: WARNING/ForkPoolWorker-7] === Fetching OHLCVs for symbol BCHN:USD
[2021-05-14 22:24:44,575: WARNING/ForkPoolWorker-7] === Fetching OHLCVs for symbol BEST:USD
[2021-05-14 22:24:44,575: WARNING/ForkPoolWorker-7] === Fetching OHLCVs for symbol BFTUSD
[2021-05-14 22:24:44,575: WARNING/ForkPoolWorker-7] === Fetching OHLCVs for symbol BMIUSD
[2021-05-14 22:24:44,575: WARNING/ForkPoolWorker-7] === Fetching OHLCVs for symbol BMIUST
[2021-05-14 22:24:44,575: WARNING/ForkPoolWorker-7] === Fetching OHLCVs for symbol BNTUSD
[2021-05-14 22:24:44,575: WARNING/ForkPoolWorker-7] === Fetching OHLCVs for symbol BOSON:USD
[2021-05-14 22:24:44,575: WARNING/ForkPoolWorker-7] === Fetching OHLCVs for symbol BOSON:UST
[2021-05-14 22:24:44,576: WARNING/ForkPoolWorker-7] === Fetching OHLCVs for symbol BSVBTC
[2021-05-14 22:24:44,576: WARNING/ForkPoolWorker-7] === Fetching OHLCVs for symbol BSVUSD
[2021-05-14 22:24:44,576: WARNING/ForkPoolWorker-7] === Fetching OHLCVs for symbol BTC:CNHT
[2021-05-14 22:24:44,576: WARNING/ForkPoolWorker-7] === Fetching OHLCVs for symbol BTCEUR
[2021-05-14 22:24:44,576: WARNING/ForkPoolWorker-7] === Fetching OHLCVs for symbol BTCGBP
[2021-05-14 22:24:44,576: WARNING/ForkPoolWorker-7] === Fetching OHLCVs for symbol BTCJPY
[2021-05-14 22:24:44,576: WARNING/ForkPoolWorker-7] === Fetching OHLCVs for symbol BTCUSD
[2021-05-14 22:24:44,576: WARNING/ForkPoolWorker-7] === Fetching OHLCVs for symbol BTCUST
[2021-05-14 22:24:44,576: WARNING/ForkPoolWorker-7] === Fetching OHLCVs for symbol BTCXCH
[2021-05-14 22:24:44,576: WARNING/ForkPoolWorker-7] === Fetching OHLCVs for symbol BTGBTC
[2021-05-14 22:24:44,576: WARNING/ForkPoolWorker-7] === Fetching OHLCVs for symbol BTGUSD
[2021-05-14 22:24:44,577: WARNING/ForkPoolWorker-7] === Fetching OHLCVs for symbol BTSE:USD
[2021-05-14 22:24:44,577: WARNING/ForkPoolWorker-7] === Fetching OHLCVs for symbol BTTUSD
[2021-05-14 22:24:44,577: WARNING/ForkPoolWorker-7] === Fetching OHLCVs for symbol CELUSD
[2021-05-14 22:24:44,577: WARNING/ForkPoolWorker-7] === Fetching OHLCVs for symbol CELUST
[2021-05-14 22:24:44,577: WARNING/ForkPoolWorker-7] === Fetching OHLCVs for symbol CHZUSD
[2021-05-14 22:24:44,577: WARNING/ForkPoolWorker-7] === Fetching OHLCVs for symbol CHZUST
[2021-05-14 22:24:44,577: WARNING/ForkPoolWorker-7] === Fetching OHLCVs for symbol CLOUSD
[2021-05-14 22:24:44,577: WARNING/ForkPoolWorker-7] === Fetching OHLCVs for symbol CNH:CNHT
[2021-05-14 22:24:44,577: WARNING/ForkPoolWorker-7] === Fetching OHLCVs for symbol COMP:USD
[2021-05-14 22:24:44,577: WARNING/ForkPoolWorker-7] === Fetching OHLCVs for symbol COMP:UST
[2021-05-14 22:24:44,578: WARNING/ForkPoolWorker-7] === Fetching OHLCVs for symbol CTKUSD
[2021-05-14 22:24:44,578: WARNING/ForkPoolWorker-7] === Fetching OHLCVs for symbol CTKUST
[2021-05-14 22:24:44,578: WARNING/ForkPoolWorker-7] === Fetching OHLCVs for symbol DAIBTC
[2021-05-14 22:24:44,578: WARNING/ForkPoolWorker-7] === Fetching OHLCVs for symbol DAIETH
[2021-05-14 22:24:44,578: WARNING/ForkPoolWorker-7] === Fetching OHLCVs for symbol DAIUSD
[2021-05-14 22:24:44,578: WARNING/ForkPoolWorker-7] === Fetching OHLCVs for symbol DAPP:USD
[2021-05-14 22:24:44,578: WARNING/ForkPoolWorker-7] === Fetching OHLCVs for symbol DAPP:UST
[2021-05-14 22:24:44,578: WARNING/ForkPoolWorker-7] === Fetching OHLCVs for symbol DATBTC
[2021-05-14 22:24:44,578: WARNING/ForkPoolWorker-7] === Fetching OHLCVs for symbol DATUSD
[2021-05-14 22:24:44,579: WARNING/ForkPoolWorker-7] === Fetching OHLCVs for symbol DGBUSD
[2021-05-14 22:24:44,579: WARNING/ForkPoolWorker-7] === Fetching OHLCVs for symbol DGXUSD
[2021-05-14 22:24:44,579: WARNING/ForkPoolWorker-7] === Fetching OHLCVs for symbol DOGBTC
[2021-05-14 22:24:44,579: WARNING/ForkPoolWorker-7] === Fetching OHLCVs for symbol DOGE:USD
[2021-05-14 22:24:44,579: WARNING/ForkPoolWorker-7] === Fetching OHLCVs for symbol DOGE:UST
[2021-05-14 22:24:44,579: WARNING/ForkPoolWorker-7] === Fetching OHLCVs for symbol DOGUSD
[2021-05-14 22:24:44,579: WARNING/ForkPoolWorker-7] === Fetching OHLCVs for symbol DOGUST
[2021-05-14 22:24:44,579: WARNING/ForkPoolWorker-7] === Fetching OHLCVs for symbol DOTBTC
[2021-05-14 22:24:44,579: WARNING/ForkPoolWorker-7] === Fetching OHLCVs for symbol DOTUSD
[2021-05-14 22:24:44,579: WARNING/ForkPoolWorker-7] === Fetching OHLCVs for symbol DOTUST
[2021-05-14 22:24:44,579: WARNING/ForkPoolWorker-7] === Fetching OHLCVs for symbol DSHBTC
[2021-05-14 22:24:44,580: WARNING/ForkPoolWorker-7] === Fetching OHLCVs for symbol DSHUSD
[2021-05-14 22:24:44,580: WARNING/ForkPoolWorker-7] === Fetching OHLCVs for symbol DUSK:BTC
[2021-05-14 22:24:44,580: WARNING/ForkPoolWorker-7] === Fetching OHLCVs for symbol DUSK:USD
[2021-05-14 22:24:44,580: WARNING/ForkPoolWorker-7] === Fetching OHLCVs for symbol EDOBTC
[2021-05-14 22:24:44,580: WARNING/ForkPoolWorker-7] === Fetching OHLCVs for symbol EDOETH
[2021-05-14 22:24:44,580: WARNING/ForkPoolWorker-7] === Fetching OHLCVs for symbol EDOUSD
[2021-05-14 22:24:44,580: WARNING/ForkPoolWorker-7] === Fetching OHLCVs for symbol EGLD:USD
[2021-05-14 22:24:44,580: WARNING/ForkPoolWorker-7] === Fetching OHLCVs for symbol EGLD:UST
[2021-05-14 22:24:44,580: WARNING/ForkPoolWorker-7] === Fetching OHLCVs for symbol ENJUSD
[2021-05-14 22:24:44,580: WARNING/ForkPoolWorker-7] === Fetching OHLCVs for symbol EOSBTC
[2021-05-14 22:24:44,580: WARNING/ForkPoolWorker-7] === Fetching OHLCVs for symbol EOSDT:USD
[2021-05-14 22:24:44,581: WARNING/ForkPoolWorker-7] === Fetching OHLCVs for symbol EOSDT:UST
[2021-05-14 22:24:44,581: WARNING/ForkPoolWorker-7] === Fetching OHLCVs for symbol EOSETH
[2021-05-14 22:24:44,581: WARNING/ForkPoolWorker-7] === Fetching OHLCVs for symbol EOSEUR
[2021-05-14 22:24:44,581: WARNING/ForkPoolWorker-7] === Fetching OHLCVs for symbol EOSGBP
[2021-05-14 22:24:44,581: WARNING/ForkPoolWorker-7] === Fetching OHLCVs for symbol EOSJPY
[2021-05-14 22:24:44,581: WARNING/ForkPoolWorker-7] === Fetching OHLCVs for symbol EOSUSD
[2021-05-14 22:24:44,581: WARNING/ForkPoolWorker-7] === Fetching OHLCVs for symbol EOSUST
[2021-05-14 22:24:44,581: WARNING/ForkPoolWorker-7] === Fetching OHLCVs for symbol ESSUSD
[2021-05-14 22:24:44,581: WARNING/ForkPoolWorker-7] === Fetching OHLCVs for symbol ETCBTC
[2021-05-14 22:24:44,581: WARNING/ForkPoolWorker-7] === Fetching OHLCVs for symbol ETCUSD
[2021-05-14 22:24:44,582: WARNING/ForkPoolWorker-7] === Fetching OHLCVs for symbol ETH2X:ETH
[2021-05-14 22:24:44,582: WARNING/ForkPoolWorker-7] === Fetching OHLCVs for symbol ETH2X:USD
[2021-05-14 22:24:44,582: WARNING/ForkPoolWorker-7] === Fetching OHLCVs for symbol ETH2X:UST
[2021-05-14 22:24:44,582: WARNING/ForkPoolWorker-7] === Fetching OHLCVs for symbol ETHBTC
[2021-05-14 22:24:44,582: WARNING/ForkPoolWorker-7] === Fetching OHLCVs for symbol ETHEUR
[2021-05-14 22:24:44,582: WARNING/ForkPoolWorker-7] === Fetching OHLCVs for symbol ETHGBP
[2021-05-14 22:24:44,582: WARNING/ForkPoolWorker-7] === Fetching OHLCVs for symbol ETHJPY
[2021-05-14 22:24:44,582: WARNING/ForkPoolWorker-7] === Fetching OHLCVs for symbol ETHUSD
[2021-05-14 22:24:44,582: WARNING/ForkPoolWorker-7] === Fetching OHLCVs for symbol ETHUST
[2021-05-14 22:24:44,582: WARNING/ForkPoolWorker-7] === Fetching OHLCVs for symbol ETPBTC
[2021-05-14 22:24:44,583: WARNING/ForkPoolWorker-7] === Fetching OHLCVs for symbol ETPETH
[2021-05-14 22:24:44,583: WARNING/ForkPoolWorker-7] === Fetching OHLCVs for symbol ETPUSD
[2021-05-14 22:24:44,583: WARNING/ForkPoolWorker-7] === Fetching OHLCVs for symbol EUSBTC
[2021-05-14 22:24:44,583: WARNING/ForkPoolWorker-7] === Fetching OHLCVs for symbol EUSUSD
[2021-05-14 22:24:44,583: WARNING/ForkPoolWorker-7] === Fetching OHLCVs for symbol EUTEUR
[2021-05-14 22:24:44,583: WARNING/ForkPoolWorker-7] === Fetching OHLCVs for symbol EUTUSD
[2021-05-14 22:24:44,583: WARNING/ForkPoolWorker-7] === Fetching OHLCVs for symbol EUTUST
[2021-05-14 22:24:44,583: WARNING/ForkPoolWorker-7] === Fetching OHLCVs for symbol EXRD:BTC
[2021-05-14 22:24:44,583: WARNING/ForkPoolWorker-7] === Fetching OHLCVs for symbol EXRD:USD
[2021-05-14 22:24:44,583: WARNING/ForkPoolWorker-7] === Fetching OHLCVs for symbol FETUSD
[2021-05-14 22:24:44,584: WARNING/ForkPoolWorker-7] === Fetching OHLCVs for symbol FETUST
[2021-05-14 22:24:44,584: WARNING/ForkPoolWorker-7] === Fetching OHLCVs for symbol FILUSD
[2021-05-14 22:24:44,584: WARNING/ForkPoolWorker-7] === Fetching OHLCVs for symbol FILUST
[2021-05-14 22:24:44,584: WARNING/ForkPoolWorker-7] === Fetching OHLCVs for symbol FORTH:USD
[2021-05-14 22:24:44,584: WARNING/ForkPoolWorker-7] === Fetching OHLCVs for symbol FORTH:UST
[2021-05-14 22:24:44,584: WARNING/ForkPoolWorker-7] === Fetching OHLCVs for symbol FTTUSD
[2021-05-14 22:24:44,584: WARNING/ForkPoolWorker-7] === Fetching OHLCVs for symbol FTTUST
[2021-05-14 22:24:44,584: WARNING/ForkPoolWorker-7] === Fetching OHLCVs for symbol FUNUSD
[2021-05-14 22:24:44,584: WARNING/ForkPoolWorker-7] === Fetching OHLCVs for symbol GNOUSD
[2021-05-14 22:24:44,584: WARNING/ForkPoolWorker-7] === Fetching OHLCVs for symbol GNTUSD
[2021-05-14 22:24:44,585: WARNING/ForkPoolWorker-7] === Fetching OHLCVs for symbol GOTEUR
[2021-05-14 22:24:44,585: WARNING/ForkPoolWorker-7] === Fetching OHLCVs for symbol GOTUSD
[2021-05-14 22:24:44,585: WARNING/ForkPoolWorker-7] === Fetching OHLCVs for symbol GTXUSD
[2021-05-14 22:24:44,585: WARNING/ForkPoolWorker-7] === Fetching OHLCVs for symbol GTXUST
[2021-05-14 22:24:44,585: WARNING/ForkPoolWorker-7] === Fetching OHLCVs for symbol HEZUSD
[2021-05-14 22:24:44,585: WARNING/ForkPoolWorker-7] === Fetching OHLCVs for symbol HEZUST
[2021-05-14 22:24:44,585: WARNING/ForkPoolWorker-7] === Fetching OHLCVs for symbol ICEUSD
[2021-05-14 22:24:44,585: WARNING/ForkPoolWorker-7] === Fetching OHLCVs for symbol IDXBTC
[2021-05-14 22:24:44,585: WARNING/ForkPoolWorker-7] === Fetching OHLCVs for symbol IDXUSD
[2021-05-14 22:24:44,585: WARNING/ForkPoolWorker-7] === Fetching OHLCVs for symbol IOTBTC
[2021-05-14 22:24:44,585: WARNING/ForkPoolWorker-7] === Fetching OHLCVs for symbol IOTETH
[2021-05-14 22:24:44,585: WARNING/ForkPoolWorker-7] === Fetching OHLCVs for symbol IOTEUR
[2021-05-14 22:24:44,586: WARNING/ForkPoolWorker-7] === Fetching OHLCVs for symbol IOTGBP
[2021-05-14 22:24:44,586: WARNING/ForkPoolWorker-7] === Fetching OHLCVs for symbol IOTJPY
[2021-05-14 22:24:44,586: WARNING/ForkPoolWorker-7] === Fetching OHLCVs for symbol IOTUSD
[2021-05-14 22:24:44,586: WARNING/ForkPoolWorker-7] === Fetching OHLCVs for symbol IQXUSD
[2021-05-14 22:24:44,586: WARNING/ForkPoolWorker-7] === Fetching OHLCVs for symbol IQXUST
[2021-05-14 22:24:44,586: WARNING/ForkPoolWorker-7] === Fetching OHLCVs for symbol JSTBTC
[2021-05-14 22:24:44,586: WARNING/ForkPoolWorker-7] === Fetching OHLCVs for symbol JSTUSD
[2021-05-14 22:24:44,586: WARNING/ForkPoolWorker-7] === Fetching OHLCVs for symbol JSTUST
[2021-05-14 22:24:44,586: WARNING/ForkPoolWorker-7] === Fetching OHLCVs for symbol KANUSD
[2021-05-14 22:24:44,586: WARNING/ForkPoolWorker-7] === Fetching OHLCVs for symbol KANUST
[2021-05-14 22:24:44,586: WARNING/ForkPoolWorker-7] === Fetching OHLCVs for symbol KNCBTC
[2021-05-14 22:24:44,586: WARNING/ForkPoolWorker-7] === Fetching OHLCVs for symbol KNCUSD
[2021-05-14 22:24:44,587: WARNING/ForkPoolWorker-7] === Fetching OHLCVs for symbol KSMUSD
[2021-05-14 22:24:44,587: WARNING/ForkPoolWorker-7] === Fetching OHLCVs for symbol KSMUST
[2021-05-14 22:24:44,587: WARNING/ForkPoolWorker-7] === Fetching OHLCVs for symbol LEOBTC
[2021-05-14 22:24:44,587: WARNING/ForkPoolWorker-7] === Fetching OHLCVs for symbol LEOEOS
[2021-05-14 22:24:44,587: WARNING/ForkPoolWorker-7] === Fetching OHLCVs for symbol LEOETH
[2021-05-14 22:24:44,587: WARNING/ForkPoolWorker-7] === Fetching OHLCVs for symbol LEOUSD
[2021-05-14 22:24:44,587: WARNING/ForkPoolWorker-7] === Fetching OHLCVs for symbol LEOUST
[2021-05-14 22:24:44,587: WARNING/ForkPoolWorker-7] === Fetching OHLCVs for symbol LINK:USD
[2021-05-14 22:24:44,587: WARNING/ForkPoolWorker-7] === Fetching OHLCVs for symbol LINK:UST
[2021-05-14 22:24:44,587: WARNING/ForkPoolWorker-7] === Fetching OHLCVs for symbol LRCUSD
[2021-05-14 22:24:44,588: WARNING/ForkPoolWorker-7] === Fetching OHLCVs for symbol LTCBTC
[2021-05-14 22:24:44,588: WARNING/ForkPoolWorker-7] === Fetching OHLCVs for symbol LTCUSD
[2021-05-14 22:24:44,588: WARNING/ForkPoolWorker-7] === Fetching OHLCVs for symbol LTCUST
[2021-05-14 22:24:44,588: WARNING/ForkPoolWorker-7] === Fetching OHLCVs for symbol LUNA:USD
[2021-05-14 22:24:44,588: WARNING/ForkPoolWorker-7] === Fetching OHLCVs for symbol LUNA:UST
[2021-05-14 22:24:44,588: WARNING/ForkPoolWorker-7] === Fetching OHLCVs for symbol LYMUSD
[2021-05-14 22:24:44,588: WARNING/ForkPoolWorker-7] === Fetching OHLCVs for symbol MKRUSD
[2021-05-14 22:24:44,588: WARNING/ForkPoolWorker-7] === Fetching OHLCVs for symbol MLNUSD
[2021-05-14 22:24:44,588: WARNING/ForkPoolWorker-7] === Fetching OHLCVs for symbol MNABTC
[2021-05-14 22:24:44,588: WARNING/ForkPoolWorker-7] === Fetching OHLCVs for symbol MNAUSD
[2021-05-14 22:24:44,588: WARNING/ForkPoolWorker-7] === Fetching OHLCVs for symbol MOBUSD
[2021-05-14 22:24:44,588: WARNING/ForkPoolWorker-7] === Fetching OHLCVs for symbol MOBUST
[2021-05-14 22:24:44,589: WARNING/ForkPoolWorker-7] === Fetching OHLCVs for symbol NEAR:USD
[2021-05-14 22:24:44,589: WARNING/ForkPoolWorker-7] === Fetching OHLCVs for symbol NEAR:UST
[2021-05-14 22:24:44,589: WARNING/ForkPoolWorker-7] === Fetching OHLCVs for symbol NECUSD
[2021-05-14 22:24:44,589: WARNING/ForkPoolWorker-7] === Fetching OHLCVs for symbol NEOBTC
[2021-05-14 22:24:44,589: WARNING/ForkPoolWorker-7] === Fetching OHLCVs for symbol NEOETH
[2021-05-14 22:24:44,589: WARNING/ForkPoolWorker-7] === Fetching OHLCVs for symbol NEOEUR
[2021-05-14 22:24:44,589: WARNING/ForkPoolWorker-7] === Fetching OHLCVs for symbol NEOGBP
[2021-05-14 22:24:44,589: WARNING/ForkPoolWorker-7] === Fetching OHLCVs for symbol NEOJPY
[2021-05-14 22:24:44,589: WARNING/ForkPoolWorker-7] === Fetching OHLCVs for symbol NEOUSD
[2021-05-14 22:24:44,589: WARNING/ForkPoolWorker-7] === Fetching OHLCVs for symbol NUTUSD
[2021-05-14 22:24:44,590: WARNING/ForkPoolWorker-7] === Fetching OHLCVs for symbol ODEUSD
[2021-05-14 22:24:44,590: WARNING/ForkPoolWorker-7] === Fetching OHLCVs for symbol OMGBTC
[2021-05-14 22:24:44,590: WARNING/ForkPoolWorker-7] === Fetching OHLCVs for symbol OMGETH
[2021-05-14 22:24:44,590: WARNING/ForkPoolWorker-7] === Fetching OHLCVs for symbol OMGUSD
[2021-05-14 22:24:44,590: WARNING/ForkPoolWorker-7] === Fetching OHLCVs for symbol OMNBTC
[2021-05-14 22:24:44,590: WARNING/ForkPoolWorker-7] === Fetching OHLCVs for symbol OMNUSD
[2021-05-14 22:24:44,590: WARNING/ForkPoolWorker-7] === Fetching OHLCVs for symbol ORSUSD
[2021-05-14 22:24:44,590: WARNING/ForkPoolWorker-7] === Fetching OHLCVs for symbol OXYUSD
[2021-05-14 22:24:44,590: WARNING/ForkPoolWorker-7] === Fetching OHLCVs for symbol OXYUST
[2021-05-14 22:24:44,590: WARNING/ForkPoolWorker-7] === Fetching OHLCVs for symbol PASUSD
[2021-05-14 22:24:44,590: WARNING/ForkPoolWorker-7] === Fetching OHLCVs for symbol PAXUSD
[2021-05-14 22:24:44,591: WARNING/ForkPoolWorker-7] === Fetching OHLCVs for symbol PAXUST
[2021-05-14 22:24:44,591: WARNING/ForkPoolWorker-7] === Fetching OHLCVs for symbol PLUUSD
[2021-05-14 22:24:44,591: WARNING/ForkPoolWorker-7] === Fetching OHLCVs for symbol PNKETH
[2021-05-14 22:24:44,591: WARNING/ForkPoolWorker-7] === Fetching OHLCVs for symbol PNKUSD
[2021-05-14 22:24:44,591: WARNING/ForkPoolWorker-7] === Fetching OHLCVs for symbol POAUSD
[2021-05-14 22:24:44,591: WARNING/ForkPoolWorker-7] === Fetching OHLCVs for symbol QSHUSD
[2021-05-14 22:24:44,591: WARNING/ForkPoolWorker-7] === Fetching OHLCVs for symbol QTMBTC
[2021-05-14 22:24:44,591: WARNING/ForkPoolWorker-7] === Fetching OHLCVs for symbol QTMUSD
[2021-05-14 22:24:44,591: WARNING/ForkPoolWorker-7] === Fetching OHLCVs for symbol RBTBTC
[2021-05-14 22:24:44,592: WARNING/ForkPoolWorker-7] === Fetching OHLCVs for symbol RBTUSD
[2021-05-14 22:24:44,592: WARNING/ForkPoolWorker-7] === Fetching OHLCVs for symbol REPBTC
[2021-05-14 22:24:44,592: WARNING/ForkPoolWorker-7] === Fetching OHLCVs for symbol REPUSD
[2021-05-14 22:24:44,592: WARNING/ForkPoolWorker-7] === Fetching OHLCVs for symbol REQUSD
[2021-05-14 22:24:44,592: WARNING/ForkPoolWorker-7] === Fetching OHLCVs for symbol RINGX:USD
[2021-05-14 22:24:44,592: WARNING/ForkPoolWorker-7] === Fetching OHLCVs for symbol RRBUSD
[2021-05-14 22:24:44,592: WARNING/ForkPoolWorker-7] === Fetching OHLCVs for symbol RRBUST
[2021-05-14 22:24:44,592: WARNING/ForkPoolWorker-7] === Fetching OHLCVs for symbol RRTUSD
[2021-05-14 22:24:44,592: WARNING/ForkPoolWorker-7] === Fetching OHLCVs for symbol SANBTC
[2021-05-14 22:24:44,592: WARNING/ForkPoolWorker-7] === Fetching OHLCVs for symbol SANETH
[2021-05-14 22:24:44,592: WARNING/ForkPoolWorker-7] === Fetching OHLCVs for symbol SANUSD
[2021-05-14 22:24:44,592: WARNING/ForkPoolWorker-7] === Fetching OHLCVs for symbol SNGUSD
[2021-05-14 22:24:44,593: WARNING/ForkPoolWorker-7] === Fetching OHLCVs for symbol SNTUSD
[2021-05-14 22:24:44,593: WARNING/ForkPoolWorker-7] === Fetching OHLCVs for symbol SNXUSD
[2021-05-14 22:24:44,593: WARNING/ForkPoolWorker-7] === Fetching OHLCVs for symbol SNXUST
[2021-05-14 22:24:44,593: WARNING/ForkPoolWorker-7] === Fetching OHLCVs for symbol SOLUSD
[2021-05-14 22:24:44,593: WARNING/ForkPoolWorker-7] === Fetching OHLCVs for symbol SOLUST
[2021-05-14 22:24:44,593: WARNING/ForkPoolWorker-7] === Fetching OHLCVs for symbol STJUSD
[2021-05-14 22:24:44,593: WARNING/ForkPoolWorker-7] === Fetching OHLCVs for symbol SUKU:USD
[2021-05-14 22:24:44,593: WARNING/ForkPoolWorker-7] === Fetching OHLCVs for symbol SUKU:UST
[2021-05-14 22:24:44,593: WARNING/ForkPoolWorker-7] === Fetching OHLCVs for symbol SUNUSD
[2021-05-14 22:24:44,593: WARNING/ForkPoolWorker-7] === Fetching OHLCVs for symbol SUNUST
[2021-05-14 22:24:44,593: WARNING/ForkPoolWorker-7] === Fetching OHLCVs for symbol SUSHI:USD
[2021-05-14 22:24:44,594: WARNING/ForkPoolWorker-7] === Fetching OHLCVs for symbol SUSHI:UST
[2021-05-14 22:24:44,594: WARNING/ForkPoolWorker-7] === Fetching OHLCVs for symbol TESTBTC:TESTUSD
[2021-05-14 22:24:44,594: WARNING/ForkPoolWorker-7] === Fetching OHLCVs for symbol TESTBTC:TESTUSDT
[2021-05-14 22:24:44,594: WARNING/ForkPoolWorker-7] === Fetching OHLCVs for symbol TRXBTC
[2021-05-14 22:24:44,594: WARNING/ForkPoolWorker-7] === Fetching OHLCVs for symbol TRXETH
[2021-05-14 22:24:44,594: WARNING/ForkPoolWorker-7] === Fetching OHLCVs for symbol TRXEUR
[2021-05-14 22:24:44,594: WARNING/ForkPoolWorker-7] === Fetching OHLCVs for symbol TRXUSD
[2021-05-14 22:24:44,594: WARNING/ForkPoolWorker-7] === Fetching OHLCVs for symbol TSDUSD
[2021-05-14 22:24:44,594: WARNING/ForkPoolWorker-7] === Fetching OHLCVs for symbol TSDUST
[2021-05-14 22:24:44,594: WARNING/ForkPoolWorker-7] === Fetching OHLCVs for symbol UDCUSD
[2021-05-14 22:24:44,594: WARNING/ForkPoolWorker-7] === Fetching OHLCVs for symbol UDCUST
[2021-05-14 22:24:44,594: WARNING/ForkPoolWorker-7] === Fetching OHLCVs for symbol UNIUSD
[2021-05-14 22:24:44,595: WARNING/ForkPoolWorker-7] === Fetching OHLCVs for symbol UNIUST
[2021-05-14 22:24:44,595: WARNING/ForkPoolWorker-7] === Fetching OHLCVs for symbol UOPUSD
[2021-05-14 22:24:44,595: WARNING/ForkPoolWorker-7] === Fetching OHLCVs for symbol UOPUST
[2021-05-14 22:24:44,595: WARNING/ForkPoolWorker-7] === Fetching OHLCVs for symbol UOSBTC
[2021-05-14 22:24:44,595: WARNING/ForkPoolWorker-7] === Fetching OHLCVs for symbol UOSUSD
[2021-05-14 22:24:44,595: WARNING/ForkPoolWorker-7] === Fetching OHLCVs for symbol USKUSD
[2021-05-14 22:24:44,595: WARNING/ForkPoolWorker-7] === Fetching OHLCVs for symbol UST:CNHT
[2021-05-14 22:24:44,595: WARNING/ForkPoolWorker-7] === Fetching OHLCVs for symbol USTUSD
[2021-05-14 22:24:44,595: WARNING/ForkPoolWorker-7] === Fetching OHLCVs for symbol UTKUSD
[2021-05-14 22:24:44,595: WARNING/ForkPoolWorker-7] === Fetching OHLCVs for symbol VEEUSD
[2021-05-14 22:24:44,595: WARNING/ForkPoolWorker-7] === Fetching OHLCVs for symbol VETBTC
[2021-05-14 22:24:44,595: WARNING/ForkPoolWorker-7] === Fetching OHLCVs for symbol VETUSD
[2021-05-14 22:24:44,596: WARNING/ForkPoolWorker-7] === Fetching OHLCVs for symbol VSYBTC
[2021-05-14 22:24:44,596: WARNING/ForkPoolWorker-7] === Fetching OHLCVs for symbol VSYUSD
[2021-05-14 22:24:44,596: WARNING/ForkPoolWorker-7] === Fetching OHLCVs for symbol WAXUSD
[2021-05-14 22:24:44,596: WARNING/ForkPoolWorker-7] === Fetching OHLCVs for symbol WBTUSD
[2021-05-14 22:24:44,596: WARNING/ForkPoolWorker-7] === Fetching OHLCVs for symbol XAUT:BTC
[2021-05-14 22:24:44,596: WARNING/ForkPoolWorker-7] === Fetching OHLCVs for symbol XAUT:USD
[2021-05-14 22:24:44,596: WARNING/ForkPoolWorker-7] === Fetching OHLCVs for symbol XAUT:UST
[2021-05-14 22:24:44,596: WARNING/ForkPoolWorker-7] === Fetching OHLCVs for symbol XCHUSD
[2021-05-14 22:24:44,596: WARNING/ForkPoolWorker-7] === Fetching OHLCVs for symbol XDCUSD
[2021-05-14 22:24:44,596: WARNING/ForkPoolWorker-7] === Fetching OHLCVs for symbol XDCUST
[2021-05-14 22:24:44,596: WARNING/ForkPoolWorker-7] === Fetching OHLCVs for symbol XLMBTC
[2021-05-14 22:24:44,596: WARNING/ForkPoolWorker-7] === Fetching OHLCVs for symbol XLMETH
[2021-05-14 22:24:44,597: WARNING/ForkPoolWorker-7] === Fetching OHLCVs for symbol XLMUSD
[2021-05-14 22:24:44,597: WARNING/ForkPoolWorker-7] === Fetching OHLCVs for symbol XLMUST
[2021-05-14 22:24:44,597: WARNING/ForkPoolWorker-7] === Fetching OHLCVs for symbol XMRBTC
[2021-05-14 22:24:44,597: WARNING/ForkPoolWorker-7] === Fetching OHLCVs for symbol XMRUSD
[2021-05-14 22:24:44,597: WARNING/ForkPoolWorker-7] === Fetching OHLCVs for symbol XMRUST
[2021-05-14 22:24:44,597: WARNING/ForkPoolWorker-7] === Fetching OHLCVs for symbol XRAUSD
[2021-05-14 22:24:44,597: WARNING/ForkPoolWorker-7] === Fetching OHLCVs for symbol XRPBTC
[2021-05-14 22:24:44,597: WARNING/ForkPoolWorker-7] === Fetching OHLCVs for symbol XRPUSD
[2021-05-14 22:24:44,597: WARNING/ForkPoolWorker-7] === Fetching OHLCVs for symbol XRPUST
[2021-05-14 22:24:44,597: WARNING/ForkPoolWorker-7] === Fetching OHLCVs for symbol XSNUSD
[2021-05-14 22:24:44,597: WARNING/ForkPoolWorker-7] === Fetching OHLCVs for symbol XTZBTC
[2021-05-14 22:24:44,598: WARNING/ForkPoolWorker-7] === Fetching OHLCVs for symbol XTZUSD
[2021-05-14 22:24:44,598: WARNING/ForkPoolWorker-7] === Fetching OHLCVs for symbol XVGUSD
[2021-05-14 22:24:44,598: WARNING/ForkPoolWorker-7] === Fetching OHLCVs for symbol YFIUSD
[2021-05-14 22:24:44,598: WARNING/ForkPoolWorker-7] === Fetching OHLCVs for symbol YFIUST
[2021-05-14 22:24:44,598: WARNING/ForkPoolWorker-7] === Fetching OHLCVs for symbol YGGUSD
[2021-05-14 22:24:44,598: WARNING/ForkPoolWorker-7] === Fetching OHLCVs for symbol YYWUSD
[2021-05-14 22:24:44,598: WARNING/ForkPoolWorker-7] === Fetching OHLCVs for symbol ZBTUSD
[2021-05-14 22:24:44,598: WARNING/ForkPoolWorker-7] === Fetching OHLCVs for symbol ZCNUSD
[2021-05-14 22:24:44,598: WARNING/ForkPoolWorker-7] === Fetching OHLCVs for symbol ZECBTC
[2021-05-14 22:24:44,598: WARNING/ForkPoolWorker-7] === Fetching OHLCVs for symbol ZECUSD
[2021-05-14 22:24:44,599: WARNING/ForkPoolWorker-7] === Fetching OHLCVs for symbol ZILBTC
[2021-05-14 22:24:44,599: WARNING/ForkPoolWorker-7] === Fetching OHLCVs for symbol ZILUSD
[2021-05-14 22:24:44,599: WARNING/ForkPoolWorker-7] === Fetching OHLCVs for symbol ZRXBTC
[2021-05-14 22:24:44,599: WARNING/ForkPoolWorker-7] === Fetching OHLCVs for symbol ZRXETH
[2021-05-14 22:24:44,599: WARNING/ForkPoolWorker-7] === Fetching OHLCVs for symbol ZRXUSD
[2021-05-15 02:30:55,613: ERROR/ForkPoolWorker-7] Task exception was never retrieved
future: <Task finished name='Task-298' coro=<bitfinex_fetchOHLCV_symbol() done, defined at /root/coin-for-rich/fetchers/bitfinex_fetchOHLCV.py:103> exception=ProgrammingError("can't adapt type 'IndexError'")>
Traceback (most recent call last):
  File "/root/coin-for-rich/fetchers/bitfinex_fetchOHLCV.py", line 137, in bitfinex_fetchOHLCV_symbol
    if ohlcvs[-1][0] > start_date_mls:
IndexError: list index out of range

During handling of the above exception, another exception occurred:

Traceback (most recent call last):
  File "/root/coin-for-rich/fetchers/bitfinex_fetchOHLCV.py", line 149, in bitfinex_fetchOHLCV_symbol
    psycopg2_cursor.execute(
psycopg2.ProgrammingError: can't adapt type 'IndexError'
[2021-05-15 02:30:55,617: ERROR/ForkPoolWorker-7] Task exception was never retrieved
future: <Task finished name='Task-294' coro=<bitfinex_fetchOHLCV_symbol() done, defined at /root/coin-for-rich/fetchers/bitfinex_fetchOHLCV.py:103> exception=ProgrammingError("can't adapt type 'IndexError'")>
Traceback (most recent call last):
  File "/root/coin-for-rich/fetchers/bitfinex_fetchOHLCV.py", line 137, in bitfinex_fetchOHLCV_symbol
    if ohlcvs[-1][0] > start_date_mls:
IndexError: list index out of range

During handling of the above exception, another exception occurred:

Traceback (most recent call last):
  File "/root/coin-for-rich/fetchers/bitfinex_fetchOHLCV.py", line 149, in bitfinex_fetchOHLCV_symbol
    psycopg2_cursor.execute(
psycopg2.ProgrammingError: can't adapt type 'IndexError'
[2021-05-15 02:30:55,617: ERROR/ForkPoolWorker-7] Task exception was never retrieved
future: <Task finished name='Task-261' coro=<bitfinex_fetchOHLCV_symbol() done, defined at /root/coin-for-rich/fetchers/bitfinex_fetchOHLCV.py:103> exception=ProgrammingError("can't adapt type 'IndexError'")>
Traceback (most recent call last):
  File "/root/coin-for-rich/fetchers/bitfinex_fetchOHLCV.py", line 137, in bitfinex_fetchOHLCV_symbol
    if ohlcvs[-1][0] > start_date_mls:
IndexError: list index out of range

During handling of the above exception, another exception occurred:

Traceback (most recent call last):
  File "/root/coin-for-rich/fetchers/bitfinex_fetchOHLCV.py", line 149, in bitfinex_fetchOHLCV_symbol
    psycopg2_cursor.execute(
psycopg2.ProgrammingError: can't adapt type 'IndexError'
[2021-05-15 02:30:55,618: ERROR/ForkPoolWorker-7] Task exception was never retrieved
future: <Task finished name='Task-258' coro=<bitfinex_fetchOHLCV_symbol() done, defined at /root/coin-for-rich/fetchers/bitfinex_fetchOHLCV.py:103> exception=ProgrammingError("can't adapt type 'IndexError'")>
Traceback (most recent call last):
  File "/root/coin-for-rich/fetchers/bitfinex_fetchOHLCV.py", line 137, in bitfinex_fetchOHLCV_symbol
    if ohlcvs[-1][0] > start_date_mls:
IndexError: list index out of range

During handling of the above exception, another exception occurred:

Traceback (most recent call last):
  File "/root/coin-for-rich/fetchers/bitfinex_fetchOHLCV.py", line 149, in bitfinex_fetchOHLCV_symbol
    psycopg2_cursor.execute(
psycopg2.ProgrammingError: can't adapt type 'IndexError'
[2021-05-15 02:30:55,618: ERROR/ForkPoolWorker-7] Task exception was never retrieved
future: <Task finished name='Task-230' coro=<bitfinex_fetchOHLCV_symbol() done, defined at /root/coin-for-rich/fetchers/bitfinex_fetchOHLCV.py:103> exception=ProgrammingError("can't adapt type 'IndexError'")>
Traceback (most recent call last):
  File "/root/coin-for-rich/fetchers/bitfinex_fetchOHLCV.py", line 137, in bitfinex_fetchOHLCV_symbol
    if ohlcvs[-1][0] > start_date_mls:
IndexError: list index out of range

During handling of the above exception, another exception occurred:

Traceback (most recent call last):
  File "/root/coin-for-rich/fetchers/bitfinex_fetchOHLCV.py", line 149, in bitfinex_fetchOHLCV_symbol
    psycopg2_cursor.execute(
psycopg2.ProgrammingError: can't adapt type 'IndexError'
[2021-05-15 02:30:55,618: ERROR/ForkPoolWorker-7] Task exception was never retrieved
future: <Task finished name='Task-222' coro=<bitfinex_fetchOHLCV_symbol() done, defined at /root/coin-for-rich/fetchers/bitfinex_fetchOHLCV.py:103> exception=ProgrammingError("can't adapt type 'IndexError'")>
Traceback (most recent call last):
  File "/root/coin-for-rich/fetchers/bitfinex_fetchOHLCV.py", line 137, in bitfinex_fetchOHLCV_symbol
    if ohlcvs[-1][0] > start_date_mls:
IndexError: list index out of range

During handling of the above exception, another exception occurred:

Traceback (most recent call last):
  File "/root/coin-for-rich/fetchers/bitfinex_fetchOHLCV.py", line 149, in bitfinex_fetchOHLCV_symbol
    psycopg2_cursor.execute(
psycopg2.ProgrammingError: can't adapt type 'IndexError'
[2021-05-15 02:30:55,619: ERROR/ForkPoolWorker-7] Task exception was never retrieved
future: <Task finished name='Task-215' coro=<bitfinex_fetchOHLCV_symbol() done, defined at /root/coin-for-rich/fetchers/bitfinex_fetchOHLCV.py:103> exception=ProgrammingError("can't adapt type 'IndexError'")>
Traceback (most recent call last):
  File "/root/coin-for-rich/fetchers/bitfinex_fetchOHLCV.py", line 137, in bitfinex_fetchOHLCV_symbol
    if ohlcvs[-1][0] > start_date_mls:
IndexError: list index out of range

During handling of the above exception, another exception occurred:

Traceback (most recent call last):
  File "/root/coin-for-rich/fetchers/bitfinex_fetchOHLCV.py", line 149, in bitfinex_fetchOHLCV_symbol
    psycopg2_cursor.execute(
psycopg2.ProgrammingError: can't adapt type 'IndexError'
[2021-05-15 02:30:55,619: ERROR/ForkPoolWorker-7] Task exception was never retrieved
future: <Task finished name='Task-214' coro=<bitfinex_fetchOHLCV_symbol() done, defined at /root/coin-for-rich/fetchers/bitfinex_fetchOHLCV.py:103> exception=ProgrammingError("can't adapt type 'IndexError'")>
Traceback (most recent call last):
  File "/root/coin-for-rich/fetchers/bitfinex_fetchOHLCV.py", line 137, in bitfinex_fetchOHLCV_symbol
    if ohlcvs[-1][0] > start_date_mls:
IndexError: list index out of range

During handling of the above exception, another exception occurred:

Traceback (most recent call last):
  File "/root/coin-for-rich/fetchers/bitfinex_fetchOHLCV.py", line 149, in bitfinex_fetchOHLCV_symbol
    psycopg2_cursor.execute(
psycopg2.ProgrammingError: can't adapt type 'IndexError'
[2021-05-15 02:30:55,619: ERROR/ForkPoolWorker-7] Task exception was never retrieved
future: <Task finished name='Task-210' coro=<bitfinex_fetchOHLCV_symbol() done, defined at /root/coin-for-rich/fetchers/bitfinex_fetchOHLCV.py:103> exception=ProgrammingError("can't adapt type 'IndexError'")>
Traceback (most recent call last):
  File "/root/coin-for-rich/fetchers/bitfinex_fetchOHLCV.py", line 137, in bitfinex_fetchOHLCV_symbol
    if ohlcvs[-1][0] > start_date_mls:
IndexError: list index out of range

During handling of the above exception, another exception occurred:

Traceback (most recent call last):
  File "/root/coin-for-rich/fetchers/bitfinex_fetchOHLCV.py", line 149, in bitfinex_fetchOHLCV_symbol
    psycopg2_cursor.execute(
psycopg2.ProgrammingError: can't adapt type 'IndexError'
[2021-05-15 02:30:55,619: ERROR/ForkPoolWorker-7] Task exception was never retrieved
future: <Task finished name='Task-208' coro=<bitfinex_fetchOHLCV_symbol() done, defined at /root/coin-for-rich/fetchers/bitfinex_fetchOHLCV.py:103> exception=ProgrammingError("can't adapt type 'IndexError'")>
Traceback (most recent call last):
  File "/root/coin-for-rich/fetchers/bitfinex_fetchOHLCV.py", line 137, in bitfinex_fetchOHLCV_symbol
    if ohlcvs[-1][0] > start_date_mls:
IndexError: list index out of range

During handling of the above exception, another exception occurred:

Traceback (most recent call last):
  File "/root/coin-for-rich/fetchers/bitfinex_fetchOHLCV.py", line 149, in bitfinex_fetchOHLCV_symbol
    psycopg2_cursor.execute(
psycopg2.ProgrammingError: can't adapt type 'IndexError'
[2021-05-15 02:30:55,620: ERROR/ForkPoolWorker-7] Task exception was never retrieved
future: <Task finished name='Task-207' coro=<bitfinex_fetchOHLCV_symbol() done, defined at /root/coin-for-rich/fetchers/bitfinex_fetchOHLCV.py:103> exception=ProgrammingError("can't adapt type 'TypeError'")>
Traceback (most recent call last):
  File "/root/coin-for-rich/fetchers/bitfinex_fetchOHLCV.py", line 137, in bitfinex_fetchOHLCV_symbol
    if ohlcvs[-1][0] > start_date_mls:
TypeError: 'float' object is not subscriptable

During handling of the above exception, another exception occurred:

Traceback (most recent call last):
  File "/root/coin-for-rich/fetchers/bitfinex_fetchOHLCV.py", line 149, in bitfinex_fetchOHLCV_symbol
    psycopg2_cursor.execute(
psycopg2.ProgrammingError: can't adapt type 'TypeError'
[2021-05-15 02:30:55,620: ERROR/ForkPoolWorker-7] Task exception was never retrieved
future: <Task finished name='Task-204' coro=<bitfinex_fetchOHLCV_symbol() done, defined at /root/coin-for-rich/fetchers/bitfinex_fetchOHLCV.py:103> exception=ProgrammingError("can't adapt type 'IndexError'")>
Traceback (most recent call last):
  File "/root/coin-for-rich/fetchers/bitfinex_fetchOHLCV.py", line 137, in bitfinex_fetchOHLCV_symbol
    if ohlcvs[-1][0] > start_date_mls:
IndexError: list index out of range

During handling of the above exception, another exception occurred:

Traceback (most recent call last):
  File "/root/coin-for-rich/fetchers/bitfinex_fetchOHLCV.py", line 149, in bitfinex_fetchOHLCV_symbol
    psycopg2_cursor.execute(
psycopg2.ProgrammingError: can't adapt type 'IndexError'
[2021-05-15 02:30:55,620: ERROR/ForkPoolWorker-7] Task exception was never retrieved
future: <Task finished name='Task-203' coro=<bitfinex_fetchOHLCV_symbol() done, defined at /root/coin-for-rich/fetchers/bitfinex_fetchOHLCV.py:103> exception=ProgrammingError("can't adapt type 'IndexError'")>
Traceback (most recent call last):
  File "/root/coin-for-rich/fetchers/bitfinex_fetchOHLCV.py", line 137, in bitfinex_fetchOHLCV_symbol
    if ohlcvs[-1][0] > start_date_mls:
IndexError: list index out of range

During handling of the above exception, another exception occurred:

Traceback (most recent call last):
  File "/root/coin-for-rich/fetchers/bitfinex_fetchOHLCV.py", line 149, in bitfinex_fetchOHLCV_symbol
    psycopg2_cursor.execute(
psycopg2.ProgrammingError: can't adapt type 'IndexError'
[2021-05-15 02:30:55,620: ERROR/ForkPoolWorker-7] Task exception was never retrieved
future: <Task finished name='Task-198' coro=<bitfinex_fetchOHLCV_symbol() done, defined at /root/coin-for-rich/fetchers/bitfinex_fetchOHLCV.py:103> exception=ProgrammingError("can't adapt type 'IndexError'")>
Traceback (most recent call last):
  File "/root/coin-for-rich/fetchers/bitfinex_fetchOHLCV.py", line 137, in bitfinex_fetchOHLCV_symbol
    if ohlcvs[-1][0] > start_date_mls:
IndexError: list index out of range

During handling of the above exception, another exception occurred:

Traceback (most recent call last):
  File "/root/coin-for-rich/fetchers/bitfinex_fetchOHLCV.py", line 149, in bitfinex_fetchOHLCV_symbol
    psycopg2_cursor.execute(
psycopg2.ProgrammingError: can't adapt type 'IndexError'
[2021-05-15 02:30:55,621: ERROR/ForkPoolWorker-7] Task exception was never retrieved
future: <Task finished name='Task-197' coro=<bitfinex_fetchOHLCV_symbol() done, defined at /root/coin-for-rich/fetchers/bitfinex_fetchOHLCV.py:103> exception=ProgrammingError("can't adapt type 'IndexError'")>
Traceback (most recent call last):
  File "/root/coin-for-rich/fetchers/bitfinex_fetchOHLCV.py", line 137, in bitfinex_fetchOHLCV_symbol
    if ohlcvs[-1][0] > start_date_mls:
IndexError: list index out of range

During handling of the above exception, another exception occurred:

Traceback (most recent call last):
  File "/root/coin-for-rich/fetchers/bitfinex_fetchOHLCV.py", line 149, in bitfinex_fetchOHLCV_symbol
    psycopg2_cursor.execute(
psycopg2.ProgrammingError: can't adapt type 'IndexError'
[2021-05-15 02:30:55,621: ERROR/ForkPoolWorker-7] Task exception was never retrieved
future: <Task finished name='Task-194' coro=<bitfinex_fetchOHLCV_symbol() done, defined at /root/coin-for-rich/fetchers/bitfinex_fetchOHLCV.py:103> exception=ProgrammingError("can't adapt type 'IndexError'")>
Traceback (most recent call last):
  File "/root/coin-for-rich/fetchers/bitfinex_fetchOHLCV.py", line 137, in bitfinex_fetchOHLCV_symbol
    if ohlcvs[-1][0] > start_date_mls:
IndexError: list index out of range

During handling of the above exception, another exception occurred:

Traceback (most recent call last):
  File "/root/coin-for-rich/fetchers/bitfinex_fetchOHLCV.py", line 149, in bitfinex_fetchOHLCV_symbol
    psycopg2_cursor.execute(
psycopg2.ProgrammingError: can't adapt type 'IndexError'
[2021-05-15 02:30:55,621: ERROR/ForkPoolWorker-7] Task exception was never retrieved
future: <Task finished name='Task-190' coro=<bitfinex_fetchOHLCV_symbol() done, defined at /root/coin-for-rich/fetchers/bitfinex_fetchOHLCV.py:103> exception=ProgrammingError("can't adapt type 'IndexError'")>
Traceback (most recent call last):
  File "/root/coin-for-rich/fetchers/bitfinex_fetchOHLCV.py", line 137, in bitfinex_fetchOHLCV_symbol
    if ohlcvs[-1][0] > start_date_mls:
IndexError: list index out of range

During handling of the above exception, another exception occurred:

Traceback (most recent call last):
  File "/root/coin-for-rich/fetchers/bitfinex_fetchOHLCV.py", line 149, in bitfinex_fetchOHLCV_symbol
    psycopg2_cursor.execute(
psycopg2.ProgrammingError: can't adapt type 'IndexError'
[2021-05-15 02:30:55,622: ERROR/ForkPoolWorker-7] Task exception was never retrieved
future: <Task finished name='Task-186' coro=<bitfinex_fetchOHLCV_symbol() done, defined at /root/coin-for-rich/fetchers/bitfinex_fetchOHLCV.py:103> exception=ProgrammingError("can't adapt type 'IndexError'")>
Traceback (most recent call last):
  File "/root/coin-for-rich/fetchers/bitfinex_fetchOHLCV.py", line 137, in bitfinex_fetchOHLCV_symbol
    if ohlcvs[-1][0] > start_date_mls:
IndexError: list index out of range

During handling of the above exception, another exception occurred:

Traceback (most recent call last):
  File "/root/coin-for-rich/fetchers/bitfinex_fetchOHLCV.py", line 149, in bitfinex_fetchOHLCV_symbol
    psycopg2_cursor.execute(
psycopg2.ProgrammingError: can't adapt type 'IndexError'
[2021-05-15 02:30:55,622: ERROR/ForkPoolWorker-7] Task exception was never retrieved
future: <Task finished name='Task-165' coro=<bitfinex_fetchOHLCV_symbol() done, defined at /root/coin-for-rich/fetchers/bitfinex_fetchOHLCV.py:103> exception=ProgrammingError("can't adapt type 'IndexError'")>
Traceback (most recent call last):
  File "/root/coin-for-rich/fetchers/bitfinex_fetchOHLCV.py", line 137, in bitfinex_fetchOHLCV_symbol
    if ohlcvs[-1][0] > start_date_mls:
IndexError: list index out of range

During handling of the above exception, another exception occurred:

Traceback (most recent call last):
  File "/root/coin-for-rich/fetchers/bitfinex_fetchOHLCV.py", line 149, in bitfinex_fetchOHLCV_symbol
    psycopg2_cursor.execute(
psycopg2.ProgrammingError: can't adapt type 'IndexError'
[2021-05-15 02:30:55,622: ERROR/ForkPoolWorker-7] Task exception was never retrieved
future: <Task finished name='Task-158' coro=<bitfinex_fetchOHLCV_symbol() done, defined at /root/coin-for-rich/fetchers/bitfinex_fetchOHLCV.py:103> exception=ProgrammingError("can't adapt type 'IndexError'")>
Traceback (most recent call last):
  File "/root/coin-for-rich/fetchers/bitfinex_fetchOHLCV.py", line 137, in bitfinex_fetchOHLCV_symbol
    if ohlcvs[-1][0] > start_date_mls:
IndexError: list index out of range

During handling of the above exception, another exception occurred:

Traceback (most recent call last):
  File "/root/coin-for-rich/fetchers/bitfinex_fetchOHLCV.py", line 149, in bitfinex_fetchOHLCV_symbol
    psycopg2_cursor.execute(
psycopg2.ProgrammingError: can't adapt type 'IndexError'
[2021-05-15 02:30:55,622: ERROR/ForkPoolWorker-7] Task exception was never retrieved
future: <Task finished name='Task-150' coro=<bitfinex_fetchOHLCV_symbol() done, defined at /root/coin-for-rich/fetchers/bitfinex_fetchOHLCV.py:103> exception=ProgrammingError("can't adapt type 'IndexError'")>
Traceback (most recent call last):
  File "/root/coin-for-rich/fetchers/bitfinex_fetchOHLCV.py", line 137, in bitfinex_fetchOHLCV_symbol
    if ohlcvs[-1][0] > start_date_mls:
IndexError: list index out of range

During handling of the above exception, another exception occurred:

Traceback (most recent call last):
  File "/root/coin-for-rich/fetchers/bitfinex_fetchOHLCV.py", line 149, in bitfinex_fetchOHLCV_symbol
    psycopg2_cursor.execute(
psycopg2.ProgrammingError: can't adapt type 'IndexError'
[2021-05-15 02:30:55,623: ERROR/ForkPoolWorker-7] Task exception was never retrieved
future: <Task finished name='Task-149' coro=<bitfinex_fetchOHLCV_symbol() done, defined at /root/coin-for-rich/fetchers/bitfinex_fetchOHLCV.py:103> exception=ProgrammingError("can't adapt type 'IndexError'")>
Traceback (most recent call last):
  File "/root/coin-for-rich/fetchers/bitfinex_fetchOHLCV.py", line 137, in bitfinex_fetchOHLCV_symbol
    if ohlcvs[-1][0] > start_date_mls:
IndexError: list index out of range

During handling of the above exception, another exception occurred:

Traceback (most recent call last):
  File "/root/coin-for-rich/fetchers/bitfinex_fetchOHLCV.py", line 149, in bitfinex_fetchOHLCV_symbol
    psycopg2_cursor.execute(
psycopg2.ProgrammingError: can't adapt type 'IndexError'
[2021-05-15 02:30:55,623: ERROR/ForkPoolWorker-7] Task exception was never retrieved
future: <Task finished name='Task-142' coro=<bitfinex_fetchOHLCV_symbol() done, defined at /root/coin-for-rich/fetchers/bitfinex_fetchOHLCV.py:103> exception=ProgrammingError("can't adapt type 'IndexError'")>
Traceback (most recent call last):
  File "/root/coin-for-rich/fetchers/bitfinex_fetchOHLCV.py", line 137, in bitfinex_fetchOHLCV_symbol
    if ohlcvs[-1][0] > start_date_mls:
IndexError: list index out of range

During handling of the above exception, another exception occurred:

Traceback (most recent call last):
  File "/root/coin-for-rich/fetchers/bitfinex_fetchOHLCV.py", line 149, in bitfinex_fetchOHLCV_symbol
    psycopg2_cursor.execute(
psycopg2.ProgrammingError: can't adapt type 'IndexError'
[2021-05-15 02:30:55,623: ERROR/ForkPoolWorker-7] Task exception was never retrieved
future: <Task finished name='Task-138' coro=<bitfinex_fetchOHLCV_symbol() done, defined at /root/coin-for-rich/fetchers/bitfinex_fetchOHLCV.py:103> exception=ProgrammingError("can't adapt type 'IndexError'")>
Traceback (most recent call last):
  File "/root/coin-for-rich/fetchers/bitfinex_fetchOHLCV.py", line 137, in bitfinex_fetchOHLCV_symbol
    if ohlcvs[-1][0] > start_date_mls:
IndexError: list index out of range

During handling of the above exception, another exception occurred:

Traceback (most recent call last):
  File "/root/coin-for-rich/fetchers/bitfinex_fetchOHLCV.py", line 149, in bitfinex_fetchOHLCV_symbol
    psycopg2_cursor.execute(
psycopg2.ProgrammingError: can't adapt type 'IndexError'
[2021-05-15 02:30:55,624: ERROR/ForkPoolWorker-7] Task exception was never retrieved
future: <Task finished name='Task-136' coro=<bitfinex_fetchOHLCV_symbol() done, defined at /root/coin-for-rich/fetchers/bitfinex_fetchOHLCV.py:103> exception=ProgrammingError("can't adapt type 'IndexError'")>
Traceback (most recent call last):
  File "/root/coin-for-rich/fetchers/bitfinex_fetchOHLCV.py", line 137, in bitfinex_fetchOHLCV_symbol
    if ohlcvs[-1][0] > start_date_mls:
IndexError: list index out of range

During handling of the above exception, another exception occurred:

Traceback (most recent call last):
  File "/root/coin-for-rich/fetchers/bitfinex_fetchOHLCV.py", line 149, in bitfinex_fetchOHLCV_symbol
    psycopg2_cursor.execute(
psycopg2.ProgrammingError: can't adapt type 'IndexError'
[2021-05-15 02:30:55,624: ERROR/ForkPoolWorker-7] Task exception was never retrieved
future: <Task finished name='Task-135' coro=<bitfinex_fetchOHLCV_symbol() done, defined at /root/coin-for-rich/fetchers/bitfinex_fetchOHLCV.py:103> exception=ProgrammingError("can't adapt type 'IndexError'")>
Traceback (most recent call last):
  File "/root/coin-for-rich/fetchers/bitfinex_fetchOHLCV.py", line 137, in bitfinex_fetchOHLCV_symbol
    if ohlcvs[-1][0] > start_date_mls:
IndexError: list index out of range

During handling of the above exception, another exception occurred:

Traceback (most recent call last):
  File "/root/coin-for-rich/fetchers/bitfinex_fetchOHLCV.py", line 149, in bitfinex_fetchOHLCV_symbol
    psycopg2_cursor.execute(
psycopg2.ProgrammingError: can't adapt type 'IndexError'
[2021-05-15 02:30:55,624: ERROR/ForkPoolWorker-7] Task exception was never retrieved
future: <Task finished name='Task-113' coro=<bitfinex_fetchOHLCV_symbol() done, defined at /root/coin-for-rich/fetchers/bitfinex_fetchOHLCV.py:103> exception=ProgrammingError("can't adapt type 'IndexError'")>
Traceback (most recent call last):
  File "/root/coin-for-rich/fetchers/bitfinex_fetchOHLCV.py", line 137, in bitfinex_fetchOHLCV_symbol
    if ohlcvs[-1][0] > start_date_mls:
IndexError: list index out of range

During handling of the above exception, another exception occurred:

Traceback (most recent call last):
  File "/root/coin-for-rich/fetchers/bitfinex_fetchOHLCV.py", line 149, in bitfinex_fetchOHLCV_symbol
    psycopg2_cursor.execute(
psycopg2.ProgrammingError: can't adapt type 'IndexError'
[2021-05-15 02:30:55,624: ERROR/ForkPoolWorker-7] Task exception was never retrieved
future: <Task finished name='Task-112' coro=<bitfinex_fetchOHLCV_symbol() done, defined at /root/coin-for-rich/fetchers/bitfinex_fetchOHLCV.py:103> exception=KeyError('quote_id')>
Traceback (most recent call last):
  File "/root/coin-for-rich/fetchers/bitfinex_fetchOHLCV.py", line 120, in bitfinex_fetchOHLCV_symbol
    quote_id = symbol_data[symbol]['quote_id']
KeyError: 'quote_id'
[2021-05-15 02:30:55,625: ERROR/ForkPoolWorker-7] Task exception was never retrieved
future: <Task finished name='Task-92' coro=<bitfinex_fetchOHLCV_symbol() done, defined at /root/coin-for-rich/fetchers/bitfinex_fetchOHLCV.py:103> exception=ProgrammingError("can't adapt type 'IndexError'")>
Traceback (most recent call last):
  File "/root/coin-for-rich/fetchers/bitfinex_fetchOHLCV.py", line 137, in bitfinex_fetchOHLCV_symbol
    if ohlcvs[-1][0] > start_date_mls:
IndexError: list index out of range

During handling of the above exception, another exception occurred:

Traceback (most recent call last):
  File "/root/coin-for-rich/fetchers/bitfinex_fetchOHLCV.py", line 149, in bitfinex_fetchOHLCV_symbol
    psycopg2_cursor.execute(
psycopg2.ProgrammingError: can't adapt type 'IndexError'
[2021-05-15 02:30:55,625: ERROR/ForkPoolWorker-7] Task exception was never retrieved
future: <Task finished name='Task-77' coro=<bitfinex_fetchOHLCV_symbol() done, defined at /root/coin-for-rich/fetchers/bitfinex_fetchOHLCV.py:103> exception=ProgrammingError("can't adapt type 'IndexError'")>
Traceback (most recent call last):
  File "/root/coin-for-rich/fetchers/bitfinex_fetchOHLCV.py", line 137, in bitfinex_fetchOHLCV_symbol
    if ohlcvs[-1][0] > start_date_mls:
IndexError: list index out of range

During handling of the above exception, another exception occurred:

Traceback (most recent call last):
  File "/root/coin-for-rich/fetchers/bitfinex_fetchOHLCV.py", line 149, in bitfinex_fetchOHLCV_symbol
    psycopg2_cursor.execute(
psycopg2.ProgrammingError: can't adapt type 'IndexError'
[2021-05-15 02:30:55,625: ERROR/ForkPoolWorker-7] Task exception was never retrieved
future: <Task finished name='Task-76' coro=<bitfinex_fetchOHLCV_symbol() done, defined at /root/coin-for-rich/fetchers/bitfinex_fetchOHLCV.py:103> exception=ProgrammingError("can't adapt type 'IndexError'")>
Traceback (most recent call last):
  File "/root/coin-for-rich/fetchers/bitfinex_fetchOHLCV.py", line 137, in bitfinex_fetchOHLCV_symbol
    if ohlcvs[-1][0] > start_date_mls:
IndexError: list index out of range

During handling of the above exception, another exception occurred:

Traceback (most recent call last):
  File "/root/coin-for-rich/fetchers/bitfinex_fetchOHLCV.py", line 149, in bitfinex_fetchOHLCV_symbol
    psycopg2_cursor.execute(
psycopg2.ProgrammingError: can't adapt type 'IndexError'
[2021-05-15 02:30:55,625: ERROR/ForkPoolWorker-7] Task exception was never retrieved
future: <Task finished name='Task-74' coro=<bitfinex_fetchOHLCV_symbol() done, defined at /root/coin-for-rich/fetchers/bitfinex_fetchOHLCV.py:103> exception=ProgrammingError("can't adapt type 'IndexError'")>
Traceback (most recent call last):
  File "/root/coin-for-rich/fetchers/bitfinex_fetchOHLCV.py", line 137, in bitfinex_fetchOHLCV_symbol
    if ohlcvs[-1][0] > start_date_mls:
IndexError: list index out of range

During handling of the above exception, another exception occurred:

Traceback (most recent call last):
  File "/root/coin-for-rich/fetchers/bitfinex_fetchOHLCV.py", line 149, in bitfinex_fetchOHLCV_symbol
    psycopg2_cursor.execute(
psycopg2.ProgrammingError: can't adapt type 'IndexError'
[2021-05-15 02:30:55,626: ERROR/ForkPoolWorker-7] Task exception was never retrieved
future: <Task finished name='Task-71' coro=<bitfinex_fetchOHLCV_symbol() done, defined at /root/coin-for-rich/fetchers/bitfinex_fetchOHLCV.py:103> exception=ProgrammingError("can't adapt type 'IndexError'")>
Traceback (most recent call last):
  File "/root/coin-for-rich/fetchers/bitfinex_fetchOHLCV.py", line 137, in bitfinex_fetchOHLCV_symbol
    if ohlcvs[-1][0] > start_date_mls:
IndexError: list index out of range

During handling of the above exception, another exception occurred:

Traceback (most recent call last):
  File "/root/coin-for-rich/fetchers/bitfinex_fetchOHLCV.py", line 149, in bitfinex_fetchOHLCV_symbol
    psycopg2_cursor.execute(
psycopg2.ProgrammingError: can't adapt type 'IndexError'
[2021-05-15 02:30:55,626: ERROR/ForkPoolWorker-7] Task exception was never retrieved
future: <Task finished name='Task-58' coro=<bitfinex_fetchOHLCV_symbol() done, defined at /root/coin-for-rich/fetchers/bitfinex_fetchOHLCV.py:103> exception=ProgrammingError("can't adapt type 'IndexError'")>
Traceback (most recent call last):
  File "/root/coin-for-rich/fetchers/bitfinex_fetchOHLCV.py", line 137, in bitfinex_fetchOHLCV_symbol
    if ohlcvs[-1][0] > start_date_mls:
IndexError: list index out of range

During handling of the above exception, another exception occurred:

Traceback (most recent call last):
  File "/root/coin-for-rich/fetchers/bitfinex_fetchOHLCV.py", line 149, in bitfinex_fetchOHLCV_symbol
    psycopg2_cursor.execute(
psycopg2.ProgrammingError: can't adapt type 'IndexError'
[2021-05-15 02:30:55,626: ERROR/ForkPoolWorker-7] Task exception was never retrieved
future: <Task finished name='Task-49' coro=<bitfinex_fetchOHLCV_symbol() done, defined at /root/coin-for-rich/fetchers/bitfinex_fetchOHLCV.py:103> exception=ProgrammingError("can't adapt type 'TypeError'")>
Traceback (most recent call last):
  File "/root/coin-for-rich/fetchers/bitfinex_fetchOHLCV.py", line 137, in bitfinex_fetchOHLCV_symbol
    if ohlcvs[-1][0] > start_date_mls:
TypeError: 'float' object is not subscriptable

During handling of the above exception, another exception occurred:

Traceback (most recent call last):
  File "/root/coin-for-rich/fetchers/bitfinex_fetchOHLCV.py", line 149, in bitfinex_fetchOHLCV_symbol
    psycopg2_cursor.execute(
psycopg2.ProgrammingError: can't adapt type 'TypeError'
[2021-05-15 02:30:55,627: ERROR/ForkPoolWorker-7] Task exception was never retrieved
future: <Task finished name='Task-46' coro=<bitfinex_fetchOHLCV_symbol() done, defined at /root/coin-for-rich/fetchers/bitfinex_fetchOHLCV.py:103> exception=ProgrammingError("can't adapt type 'IndexError'")>
Traceback (most recent call last):
  File "/root/coin-for-rich/fetchers/bitfinex_fetchOHLCV.py", line 137, in bitfinex_fetchOHLCV_symbol
    if ohlcvs[-1][0] > start_date_mls:
IndexError: list index out of range

During handling of the above exception, another exception occurred:

Traceback (most recent call last):
  File "/root/coin-for-rich/fetchers/bitfinex_fetchOHLCV.py", line 149, in bitfinex_fetchOHLCV_symbol
    psycopg2_cursor.execute(
psycopg2.ProgrammingError: can't adapt type 'IndexError'
[2021-05-15 02:30:55,627: ERROR/ForkPoolWorker-7] Task exception was never retrieved
future: <Task finished name='Task-45' coro=<bitfinex_fetchOHLCV_symbol() done, defined at /root/coin-for-rich/fetchers/bitfinex_fetchOHLCV.py:103> exception=ProgrammingError("can't adapt type 'IndexError'")>
Traceback (most recent call last):
  File "/root/coin-for-rich/fetchers/bitfinex_fetchOHLCV.py", line 137, in bitfinex_fetchOHLCV_symbol
    if ohlcvs[-1][0] > start_date_mls:
IndexError: list index out of range

During handling of the above exception, another exception occurred:

Traceback (most recent call last):
  File "/root/coin-for-rich/fetchers/bitfinex_fetchOHLCV.py", line 149, in bitfinex_fetchOHLCV_symbol
    psycopg2_cursor.execute(
psycopg2.ProgrammingError: can't adapt type 'IndexError'
[2021-05-15 02:30:55,628: ERROR/ForkPoolWorker-7] Task exception was never retrieved
future: <Task finished name='Task-39' coro=<bitfinex_fetchOHLCV_symbol() done, defined at /root/coin-for-rich/fetchers/bitfinex_fetchOHLCV.py:103> exception=ProgrammingError("can't adapt type 'IndexError'")>
Traceback (most recent call last):
  File "/root/coin-for-rich/fetchers/bitfinex_fetchOHLCV.py", line 137, in bitfinex_fetchOHLCV_symbol
    if ohlcvs[-1][0] > start_date_mls:
IndexError: list index out of range

During handling of the above exception, another exception occurred:

Traceback (most recent call last):
  File "/root/coin-for-rich/fetchers/bitfinex_fetchOHLCV.py", line 149, in bitfinex_fetchOHLCV_symbol
    psycopg2_cursor.execute(
psycopg2.ProgrammingError: can't adapt type 'IndexError'
[2021-05-15 02:30:55,628: ERROR/ForkPoolWorker-7] Task exception was never retrieved
future: <Task finished name='Task-25' coro=<bitfinex_fetchOHLCV_symbol() done, defined at /root/coin-for-rich/fetchers/bitfinex_fetchOHLCV.py:103> exception=ProgrammingError("can't adapt type 'IndexError'")>
Traceback (most recent call last):
  File "/root/coin-for-rich/fetchers/bitfinex_fetchOHLCV.py", line 137, in bitfinex_fetchOHLCV_symbol
    if ohlcvs[-1][0] > start_date_mls:
IndexError: list index out of range

During handling of the above exception, another exception occurred:

Traceback (most recent call last):
  File "/root/coin-for-rich/fetchers/bitfinex_fetchOHLCV.py", line 149, in bitfinex_fetchOHLCV_symbol
    psycopg2_cursor.execute(
psycopg2.ProgrammingError: can't adapt type 'IndexError'
[2021-05-15 02:30:55,628: ERROR/ForkPoolWorker-7] Task exception was never retrieved
future: <Task finished name='Task-8' coro=<bitfinex_fetchOHLCV_symbol() done, defined at /root/coin-for-rich/fetchers/bitfinex_fetchOHLCV.py:103> exception=ProgrammingError("can't adapt type 'TypeError'")>
Traceback (most recent call last):
  File "/root/coin-for-rich/fetchers/bitfinex_fetchOHLCV.py", line 137, in bitfinex_fetchOHLCV_symbol
    if ohlcvs[-1][0] > start_date_mls:
TypeError: 'float' object is not subscriptable

During handling of the above exception, another exception occurred:

Traceback (most recent call last):
  File "/root/coin-for-rich/fetchers/bitfinex_fetchOHLCV.py", line 149, in bitfinex_fetchOHLCV_symbol
    psycopg2_cursor.execute(
psycopg2.ProgrammingError: can't adapt type 'TypeError'
[2021-05-15 02:30:55,632: INFO/ForkPoolWorker-7] Task celery_tasks.bitfinex_fetchOHLCV_task[835f8a5c-d6b9-4092-843a-e1634be17299] succeeded in 14771.603690891061s: None
[2021-05-17 16:23:10,344: INFO/MainProcess] missed heartbeat from bittrexWorker@h
[2021-05-17 16:23:21,449: INFO/MainProcess] missed heartbeat from bittrexWorker@h
[2021-05-17 16:24:30,893: WARNING/MainProcess] Substantial drift from bittrexWorker@h may mean clocks are out of sync.  Current drift is
77 seconds.  [orig: 2021-05-17 16:24:29.762849 recv: 2021-05-17 16:23:12.573338]

[2021-05-17 16:26:36,407: INFO/MainProcess] missed heartbeat from bittrexWorker@h
[2021-05-17 16:29:20,162: ERROR/MainProcess] Error cleaning up after event loop: RecoverableConnectionError(None, 'Socket was disconnected', None, '')
Traceback (most recent call last):
  File "/root/miniconda3/lib/python3.8/site-packages/celery/worker/loops.py", line 83, in asynloop
    next(loop)
  File "/root/miniconda3/lib/python3.8/site-packages/kombu/asynchronous/hub.py", line 303, in create_loop
    poll_timeout = fire_timers(propagate=propagate) if scheduled else 1
  File "/root/miniconda3/lib/python3.8/site-packages/kombu/asynchronous/hub.py", line 145, in fire_timers
    entry()
  File "/root/miniconda3/lib/python3.8/site-packages/kombu/asynchronous/timer.py", line 68, in __call__
    return self.fun(*self.args, **self.kwargs)
  File "/root/miniconda3/lib/python3.8/site-packages/kombu/asynchronous/timer.py", line 130, in _reschedules
    return fun(*args, **kwargs)
  File "/root/miniconda3/lib/python3.8/site-packages/kombu/connection.py", line 313, in heartbeat_check
    return self.transport.heartbeat_check(self.connection, rate=rate)
  File "/root/miniconda3/lib/python3.8/site-packages/kombu/transport/pyamqp.py", line 149, in heartbeat_check
    return connection.heartbeat_tick(rate=rate)
  File "/root/miniconda3/lib/python3.8/site-packages/amqp/connection.py", line 744, in heartbeat_tick
    self.send_heartbeat()
  File "/root/miniconda3/lib/python3.8/site-packages/amqp/connection.py", line 695, in send_heartbeat
    self.frame_writer(8, 0, None, None, None)
  File "/root/miniconda3/lib/python3.8/site-packages/amqp/method_framing.py", line 189, in write_frame
    write(view[:offset])
  File "/root/miniconda3/lib/python3.8/site-packages/amqp/transport.py", line 305, in write
    self._write(s)
ConnectionResetError: [Errno 104] Connection reset by peer

During handling of the above exception, another exception occurred:

Traceback (most recent call last):
  File "/root/miniconda3/lib/python3.8/site-packages/celery/worker/loops.py", line 88, in asynloop
    hub.reset()
  File "/root/miniconda3/lib/python3.8/site-packages/kombu/asynchronous/hub.py", line 112, in reset
    self.close()
  File "/root/miniconda3/lib/python3.8/site-packages/kombu/asynchronous/hub.py", line 265, in close
    item()
  File "/root/miniconda3/lib/python3.8/site-packages/vine/promises.py", line 170, in __call__
    return self.throw()
  File "/root/miniconda3/lib/python3.8/site-packages/vine/promises.py", line 167, in __call__
    retval = fun(*final_args, **final_kwargs)
  File "/root/miniconda3/lib/python3.8/site-packages/kombu/transport/base.py", line 218, in _read
    raise RecoverableConnectionError('Socket was disconnected')
amqp.exceptions.RecoverableConnectionError: Socket was disconnected
[2021-05-17 16:29:20,329: WARNING/MainProcess] consumer: Connection to broker lost. Trying to re-establish the connection...
Traceback (most recent call last):
  File "/root/miniconda3/lib/python3.8/site-packages/celery/worker/consumer/consumer.py", line 318, in start
    blueprint.start(self)
  File "/root/miniconda3/lib/python3.8/site-packages/celery/bootsteps.py", line 119, in start
    step.start(parent)
  File "/root/miniconda3/lib/python3.8/site-packages/celery/worker/consumer/consumer.py", line 599, in start
    c.loop(*c.loop_args())
  File "/root/miniconda3/lib/python3.8/site-packages/celery/worker/loops.py", line 83, in asynloop
    next(loop)
  File "/root/miniconda3/lib/python3.8/site-packages/kombu/asynchronous/hub.py", line 303, in create_loop
    poll_timeout = fire_timers(propagate=propagate) if scheduled else 1
  File "/root/miniconda3/lib/python3.8/site-packages/kombu/asynchronous/hub.py", line 145, in fire_timers
    entry()
  File "/root/miniconda3/lib/python3.8/site-packages/kombu/asynchronous/timer.py", line 68, in __call__
    return self.fun(*self.args, **self.kwargs)
  File "/root/miniconda3/lib/python3.8/site-packages/kombu/asynchronous/timer.py", line 130, in _reschedules
    return fun(*args, **kwargs)
  File "/root/miniconda3/lib/python3.8/site-packages/kombu/connection.py", line 313, in heartbeat_check
    return self.transport.heartbeat_check(self.connection, rate=rate)
  File "/root/miniconda3/lib/python3.8/site-packages/kombu/transport/pyamqp.py", line 149, in heartbeat_check
    return connection.heartbeat_tick(rate=rate)
  File "/root/miniconda3/lib/python3.8/site-packages/amqp/connection.py", line 744, in heartbeat_tick
    self.send_heartbeat()
  File "/root/miniconda3/lib/python3.8/site-packages/amqp/connection.py", line 695, in send_heartbeat
    self.frame_writer(8, 0, None, None, None)
  File "/root/miniconda3/lib/python3.8/site-packages/amqp/method_framing.py", line 189, in write_frame
    write(view[:offset])
  File "/root/miniconda3/lib/python3.8/site-packages/amqp/transport.py", line 305, in write
    self._write(s)
ConnectionResetError: [Errno 104] Connection reset by peer
[2021-05-17 16:29:20,493: INFO/MainProcess] Connected to amqp://coin_user:**@127.0.0.1:5672/coin_fetcher
[2021-05-17 16:29:20,536: INFO/MainProcess] mingle: searching for neighbors
[2021-05-17 16:29:21,602: INFO/MainProcess] mingle: all alone
[2021-05-17 20:41:11,515: INFO/MainProcess] missed heartbeat from bittrexWorker@h
[2021-05-24 12:53:28,272: INFO/MainProcess] Connected to amqp://coin_user:**@127.0.0.1:5672/coin_fetcher
[2021-05-24 12:53:28,286: INFO/MainProcess] mingle: searching for neighbors
[2021-05-24 12:53:29,319: INFO/MainProcess] mingle: all alone
[2021-05-24 12:53:29,340: INFO/MainProcess] bitfinexWorker@h ready.
[2021-05-24 12:55:21,842: INFO/MainProcess] Connected to amqp://coin_user:**@127.0.0.1:5672/coin_fetcher
[2021-05-24 12:55:21,860: INFO/MainProcess] mingle: searching for neighbors
[2021-05-24 12:55:22,889: INFO/MainProcess] mingle: all alone
[2021-05-24 12:55:22,907: INFO/MainProcess] bitfinexWorker@h ready.
[2021-05-24 12:57:01,512: INFO/MainProcess] Connected to amqp://coin_user:**@127.0.0.1:5672/coin_fetcher
[2021-05-24 12:57:01,527: INFO/MainProcess] mingle: searching for neighbors
[2021-05-24 12:57:02,559: INFO/MainProcess] mingle: all alone
[2021-05-24 12:57:02,580: INFO/MainProcess] bitfinexWorker@h ready.
[2021-05-24 12:57:13,862: INFO/MainProcess] Task celery_tasks.bitfinex_fetchOHLCV_OnDemand_task[a083a60a-2d75-41d8-a0b7-ee2b9b94b085] received
[2021-05-24 12:57:14,359: WARNING/ForkPoolWorker-7] === Fetching OHLCVs for symbol BTCUSD
[2021-05-24 12:57:15,364: ERROR/ForkPoolWorker-7] Task exception was never retrieved
future: <Task finished name='Task-8' coro=<bitfinex_fetchOHLCV_symbol() done, defined at /root/coin-for-rich/fetchers/bitfinex_fetchOHLCV.py:110> exception=TypeError("unsupported operand type(s) for /: 'datetime.datetime' and 'int'")>
Traceback (most recent call last):
  File "/root/coin-for-rich/fetchers/bitfinex_fetchOHLCV.py", line 152, in bitfinex_fetchOHLCV_symbol
    psql_copy_from_csv(psycopg2_cursor, rows, "ohlcvs")
  File "/root/coin-for-rich/fetchers/helpers/dbhelpers.py", line 12, in psql_copy_from_csv
    cursor.copy_from(buffer, table, sep=",")
psycopg2.errors.UniqueViolation: duplicate key value violates unique constraint "_hyper_2_200_chunk_ts_exch_sym"
DETAIL:  Key ("time", exchange, symbol)=(2020-05-15 00:00:00+00, bitfinex, BTCUSD) already exists.
CONTEXT:  COPY ohlcvs, line 1: "2020-05-15 00:00:00,bitfinex,BTCUSD,BTC,USD,9791,9815.8,9790.93443749,9815.8,7.00069536,2021-05-19 0..."


During handling of the above exception, another exception occurred:

Traceback (most recent call last):
  File "/root/coin-for-rich/fetchers/bitfinex_fetchOHLCV.py", line 161, in bitfinex_fetchOHLCV_symbol
    error_tuple = make_error_tuple(fetch_start_time, symbol, milliseconds_to_datetime(start_date), time_frame, ohlcv_section, ohlcvs_resp.status_code, type(exc), exception_msg)
  File "/root/coin-for-rich/fetchers/helpers/datetimehelpers.py", line 34, in milliseconds_to_datetime
    return datetime.datetime.fromtimestamp(mls/1000)
TypeError: unsupported operand type(s) for /: 'datetime.datetime' and 'int'
[2021-05-24 12:57:15,369: INFO/ForkPoolWorker-7] Task celery_tasks.bitfinex_fetchOHLCV_OnDemand_task[a083a60a-2d75-41d8-a0b7-ee2b9b94b085] succeeded in 1.5039401999674737s: None
[2021-05-24 12:59:36,176: INFO/MainProcess] Connected to amqp://coin_user:**@127.0.0.1:5672/coin_fetcher
[2021-05-24 12:59:36,194: INFO/MainProcess] mingle: searching for neighbors
[2021-05-24 12:59:37,222: INFO/MainProcess] mingle: all alone
[2021-05-24 12:59:37,239: INFO/MainProcess] bitfinexWorker@h ready.
[2021-05-24 12:59:50,806: INFO/MainProcess] Task celery_tasks.bitfinex_fetchOHLCV_OnDemand_task[babab8e2-64d3-405b-9d8b-6c3282d2b6f5] received
[2021-05-24 12:59:51,497: WARNING/ForkPoolWorker-7] === Fetching OHLCVs for symbol BTCUSD
[2021-05-24 12:59:52,408: WARNING/ForkPoolWorker-7] Exception duplicate key value violates unique constraint "_hyper_2_200_chunk_ts_exch_sym"
DETAIL:  Key ("time", exchange, symbol)=(2020-05-15 00:00:00+00, bitfinex, BTCUSD) already exists.
CONTEXT:  COPY ohlcvs, line 1: "2020-05-15 00:00:00,bitfinex,BTCUSD,BTC,USD,9791,9815.8,9790.93443749,9815.8,7.00069536,2021-05-19 0..."
 occurred when copying rows to ohlcvs
[2021-05-24 12:59:53,242: WARNING/ForkPoolWorker-7] Exception duplicate key value violates unique constraint "_hyper_2_201_chunk_ts_exch_sym"
DETAIL:  Key ("time", exchange, symbol)=(2020-05-21 06:28:00+00, bitfinex, BTCUSD) already exists.
CONTEXT:  COPY ohlcvs, line 1: "2020-05-21 06:28:00,bitfinex,BTCUSD,BTC,USD,9524.0965239,9524.0965239,9523.9,9524,0.70052153,2021-05..."
 occurred when copying rows to ohlcvs
[2021-05-24 12:59:53,763: WARNING/ForkPoolWorker-7] Exception duplicate key value violates unique constraint "_hyper_2_201_chunk_ts_exch_sym"
DETAIL:  Key ("time", exchange, symbol)=(2020-05-27 13:14:00+00, bitfinex, BTCUSD) already exists.
CONTEXT:  COPY ohlcvs, line 1: "2020-05-27 13:14:00,bitfinex,BTCUSD,BTC,USD,9170.2,9170.2344447,9170.2,9170.2,1.01106231,2021-05-19 ..."
 occurred when copying rows to ohlcvs
[2021-05-24 12:59:54,551: WARNING/ForkPoolWorker-7] Exception duplicate key value violates unique constraint "_hyper_2_202_chunk_ts_exch_sym"
DETAIL:  Key ("time", exchange, symbol)=(2020-06-02 19:43:00+00, bitfinex, BTCUSD) already exists.
CONTEXT:  COPY ohlcvs, line 1: "2020-06-02 19:43:00,bitfinex,BTCUSD,BTC,USD,9530.79470383,9530.79470383,9530.7,9530.79470383,0.2791,..."
 occurred when copying rows to ohlcvs
[2021-05-24 12:59:55,369: WARNING/ForkPoolWorker-7] Exception duplicate key value violates unique constraint "_hyper_2_203_chunk_ts_exch_sym"
DETAIL:  Key ("time", exchange, symbol)=(2020-06-09 03:14:00+00, bitfinex, BTCUSD) already exists.
CONTEXT:  COPY ohlcvs, line 1: "2020-06-09 03:14:00,bitfinex,BTCUSD,BTC,USD,9676.6,9679,9676.25028204,9676.25028204,0.1,2021-05-19 0..."
 occurred when copying rows to ohlcvs
[2021-05-24 12:59:57,062: WARNING/ForkPoolWorker-7] Exception duplicate key value violates unique constraint "_hyper_2_204_chunk_ts_exch_sym"
DETAIL:  Key ("time", exchange, symbol)=(2020-06-15 12:55:00+00, bitfinex, BTCUSD) already exists.
CONTEXT:  COPY ohlcvs, line 1: "2020-06-15 12:55:00,bitfinex,BTCUSD,BTC,USD,9098.08023858,9098.1,9098,9098,0.5238065199999999,2021-0..."
 occurred when copying rows to ohlcvs
[2021-05-24 12:59:57,887: WARNING/ForkPoolWorker-7] Exception duplicate key value violates unique constraint "_hyper_2_205_chunk_ts_exch_sym"
DETAIL:  Key ("time", exchange, symbol)=(2020-06-21 22:54:00+00, bitfinex, BTCUSD) already exists.
CONTEXT:  COPY ohlcvs, line 1: "2020-06-21 22:54:00,bitfinex,BTCUSD,BTC,USD,9310.6,9314.2,9310.6,9314.2,1.37014784,2021-05-19 00:00:..."
 occurred when copying rows to ohlcvs
[2021-05-24 12:59:58,408: WARNING/ForkPoolWorker-7] Exception duplicate key value violates unique constraint "_hyper_2_206_chunk_ts_exch_sym"
DETAIL:  Key ("time", exchange, symbol)=(2020-06-28 08:56:00+00, bitfinex, BTCUSD) already exists.
CONTEXT:  COPY ohlcvs, line 1: "2020-06-28 08:56:00,bitfinex,BTCUSD,BTC,USD,9072.1,9072.1,9072.1,9072.1,0.1616,2021-05-19 00:00:00"
 occurred when copying rows to ohlcvs
[2021-05-24 13:00:00,173: WARNING/ForkPoolWorker-7] Exception duplicate key value violates unique constraint "_hyper_2_207_chunk_ts_exch_sym"
DETAIL:  Key ("time", exchange, symbol)=(2020-07-05 00:26:00+00, bitfinex, BTCUSD) already exists.
CONTEXT:  COPY ohlcvs, line 1: "2020-07-05 00:26:00,bitfinex,BTCUSD,BTC,USD,9146,9146,9144,9144,0.63032398,2021-05-19 00:00:00"
 occurred when copying rows to ohlcvs
[2021-05-24 13:00:00,944: WARNING/ForkPoolWorker-7] Exception duplicate key value violates unique constraint "_hyper_2_208_chunk_ts_exch_sym"
DETAIL:  Key ("time", exchange, symbol)=(2020-07-11 12:31:00+00, bitfinex, BTCUSD) already exists.
CONTEXT:  COPY ohlcvs, line 1: "2020-07-11 12:31:00,bitfinex,BTCUSD,BTC,USD,9233.43136813,9233.43136813,9233.43136813,9233.43136813,..."
 occurred when copying rows to ohlcvs
[2021-05-24 13:00:01,758: WARNING/ForkPoolWorker-7] Exception duplicate key value violates unique constraint "_hyper_2_209_chunk_ts_exch_sym"
DETAIL:  Key ("time", exchange, symbol)=(2020-07-18 05:46:00+00, bitfinex, BTCUSD) already exists.
CONTEXT:  COPY ohlcvs, line 1: "2020-07-18 05:46:00,bitfinex,BTCUSD,BTC,USD,9143.1606733,9143.1606733,9143.1,9143.1,0.5,2021-05-19 0..."
 occurred when copying rows to ohlcvs
[2021-05-24 13:00:02,669: WARNING/ForkPoolWorker-7] Exception duplicate key value violates unique constraint "_hyper_2_210_chunk_ts_exch_sym"
DETAIL:  Key ("time", exchange, symbol)=(2020-07-24 23:44:00+00, bitfinex, BTCUSD) already exists.
CONTEXT:  COPY ohlcvs, line 1: "2020-07-24 23:44:00,bitfinex,BTCUSD,BTC,USD,9555.6,9555.6,9555.6,9555.6,0.030000000000000002,2021-05..."
 occurred when copying rows to ohlcvs
[2021-05-24 13:00:03,579: WARNING/ForkPoolWorker-7] Exception duplicate key value violates unique constraint "_hyper_2_211_chunk_ts_exch_sym"
DETAIL:  Key ("time", exchange, symbol)=(2020-07-31 06:48:00+00, bitfinex, BTCUSD) already exists.
CONTEXT:  COPY ohlcvs, line 1: "2020-07-31 06:48:00,bitfinex,BTCUSD,BTC,USD,11138.02501762,11139,11137.9246056,11139,0.1818000000000..."
 occurred when copying rows to ohlcvs
[2021-05-24 13:00:04,462: WARNING/ForkPoolWorker-7] Exception duplicate key value violates unique constraint "_hyper_2_212_chunk_ts_exch_sym"
DETAIL:  Key ("time", exchange, symbol)=(2020-08-06 13:35:00+00, bitfinex, BTCUSD) already exists.
CONTEXT:  COPY ohlcvs, line 1: "2020-08-06 13:35:00,bitfinex,BTCUSD,BTC,USD,11798,11829,11798,11826,86.37255133,2021-05-19 00:00:00"
 occurred when copying rows to ohlcvs
[2021-05-24 13:00:04,991: WARNING/ForkPoolWorker-7] Exception duplicate key value violates unique constraint "_hyper_2_213_chunk_ts_exch_sym"
DETAIL:  Key ("time", exchange, symbol)=(2020-08-13 01:44:00+00, bitfinex, BTCUSD) already exists.
CONTEXT:  COPY ohlcvs, line 1: "2020-08-13 01:44:00,bitfinex,BTCUSD,BTC,USD,11602,11607.45400313,11602,11607.45400313,1.2389934,2021..."
 occurred when copying rows to ohlcvs
[2021-05-24 13:00:05,794: WARNING/ForkPoolWorker-7] Exception duplicate key value violates unique constraint "_hyper_2_213_chunk_ts_exch_sym"
DETAIL:  Key ("time", exchange, symbol)=(2020-08-19 09:41:00+00, bitfinex, BTCUSD) already exists.
CONTEXT:  COPY ohlcvs, line 1: "2020-08-19 09:41:00,bitfinex,BTCUSD,BTC,USD,11823,11823,11822.49889263,11822.7378227,0.107901,2021-0..."
 occurred when copying rows to ohlcvs
[2021-05-24 13:00:06,459: WARNING/ForkPoolWorker-7] Exception duplicate key value violates unique constraint "_hyper_2_214_chunk_ts_exch_sym"
DETAIL:  Key ("time", exchange, symbol)=(2020-08-25 17:37:00+00, bitfinex, BTCUSD) already exists.
CONTEXT:  COPY ohlcvs, line 1: "2020-08-25 17:37:00,bitfinex,BTCUSD,BTC,USD,11324.2308478,11324.2308478,11300,11300,1.85697305,2021-..."
 occurred when copying rows to ohlcvs
[2021-05-24 13:00:09,016: WARNING/ForkPoolWorker-7] Exception duplicate key value violates unique constraint "_hyper_2_215_chunk_ts_exch_sym"
DETAIL:  Key ("time", exchange, symbol)=(2020-09-01 04:57:00+00, bitfinex, BTCUSD) already exists.
CONTEXT:  COPY ohlcvs, line 1: "2020-09-01 04:57:00,bitfinex,BTCUSD,BTC,USD,11720.91963204,11721,11720.31732589,11720.31732589,0.084..."
 occurred when copying rows to ohlcvs
[2021-05-24 13:00:09,810: WARNING/ForkPoolWorker-7] Exception duplicate key value violates unique constraint "_hyper_2_216_chunk_ts_exch_sym"
DETAIL:  Key ("time", exchange, symbol)=(2020-09-07 11:52:00+00, bitfinex, BTCUSD) already exists.
CONTEXT:  COPY ohlcvs, line 1: "2020-09-07 11:52:00,bitfinex,BTCUSD,BTC,USD,10049,10049,10044,10047,0.47857539,2021-05-19 00:00:00"
 occurred when copying rows to ohlcvs
[2021-05-24 13:00:10,342: WARNING/ForkPoolWorker-7] Exception duplicate key value violates unique constraint "_hyper_2_217_chunk_ts_exch_sym"
DETAIL:  Key ("time", exchange, symbol)=(2020-09-13 22:43:00+00, bitfinex, BTCUSD) already exists.
CONTEXT:  COPY ohlcvs, line 1: "2020-09-13 22:43:00,bitfinex,BTCUSD,BTC,USD,10301.88040246,10310.8815051,10301.88040246,10310.881505..."
 occurred when copying rows to ohlcvs
[2021-05-24 13:00:11,290: WARNING/ForkPoolWorker-7] Exception duplicate key value violates unique constraint "_hyper_2_218_chunk_ts_exch_sym"
DETAIL:  Key ("time", exchange, symbol)=(2020-09-20 08:20:00+00, bitfinex, BTCUSD) already exists.
CONTEXT:  COPY ohlcvs, line 1: "2020-09-20 08:20:00,bitfinex,BTCUSD,BTC,USD,10990,10993,10990,10992,1.09816735,2021-05-19 00:00:00"
 occurred when copying rows to ohlcvs
[2021-05-24 13:00:12,111: WARNING/ForkPoolWorker-7] Exception duplicate key value violates unique constraint "_hyper_2_219_chunk_ts_exch_sym"
DETAIL:  Key ("time", exchange, symbol)=(2020-09-26 20:08:00+00, bitfinex, BTCUSD) already exists.
CONTEXT:  COPY ohlcvs, line 1: "2020-09-26 20:08:00,bitfinex,BTCUSD,BTC,USD,10736.70585,10737,10736.22769094,10736.92558121,0.018001..."
 occurred when copying rows to ohlcvs
[2021-05-24 13:00:12,633: WARNING/ForkPoolWorker-7] Exception duplicate key value violates unique constraint "_hyper_2_220_chunk_ts_exch_sym"
DETAIL:  Key ("time", exchange, symbol)=(2020-10-03 10:45:00+00, bitfinex, BTCUSD) already exists.
CONTEXT:  COPY ohlcvs, line 1: "2020-10-03 10:45:00,bitfinex,BTCUSD,BTC,USD,10549.44767817,10549.44767817,10549.44767817,10549.44767..."
 occurred when copying rows to ohlcvs
[2021-05-24 13:00:13,519: WARNING/ForkPoolWorker-7] Exception duplicate key value violates unique constraint "_hyper_2_130_chunk_ts_exch_sym"
DETAIL:  Key ("time", exchange, symbol)=(2020-10-10 07:47:00+00, bitfinex, BTCUSD) already exists.
CONTEXT:  COPY ohlcvs, line 1: "2020-10-10 07:47:00,bitfinex,BTCUSD,BTC,USD,11379.9737094,11381,11379.9737094,11381,0.13585783,2021-..."
 occurred when copying rows to ohlcvs
[2021-05-24 13:00:14,317: WARNING/ForkPoolWorker-7] Exception duplicate key value violates unique constraint "_hyper_2_131_chunk_ts_exch_sym"
DETAIL:  Key ("time", exchange, symbol)=(2020-10-17 00:10:00+00, bitfinex, BTCUSD) already exists.
CONTEXT:  COPY ohlcvs, line 1: "2020-10-17 00:10:00,bitfinex,BTCUSD,BTC,USD,11326.28953226,11326.28953226,11320,11321.95498485,1.018..."
 occurred when copying rows to ohlcvs
[2021-05-24 13:00:15,241: WARNING/ForkPoolWorker-7] Exception duplicate key value violates unique constraint "_hyper_2_126_chunk_ts_exch_sym"
DETAIL:  Key ("time", exchange, symbol)=(2020-10-23 15:34:00+00, bitfinex, BTCUSD) already exists.
CONTEXT:  COPY ohlcvs, line 1: "2020-10-23 15:34:00,bitfinex,BTCUSD,BTC,USD,12951.00305026,12951.00305026,12951,12951,0.159400000000..."
 occurred when copying rows to ohlcvs
[2021-05-24 13:00:16,020: WARNING/ForkPoolWorker-7] Exception duplicate key value violates unique constraint "_hyper_2_127_chunk_ts_exch_sym"
DETAIL:  Key ("time", exchange, symbol)=(2020-10-30 00:29:00+00, bitfinex, BTCUSD) already exists.
CONTEXT:  COPY ohlcvs, line 1: "2020-10-30 00:29:00,bitfinex,BTCUSD,BTC,USD,13396,13404,13396,13400,0.58203653,2021-05-19 00:00:00"
 occurred when copying rows to ohlcvs
[2021-05-24 13:00:16,874: WARNING/ForkPoolWorker-7] Exception duplicate key value violates unique constraint "_hyper_2_128_chunk_ts_exch_sym"
DETAIL:  Key ("time", exchange, symbol)=(2020-11-05 08:13:00+00, bitfinex, BTCUSD) already exists.
CONTEXT:  COPY ohlcvs, line 1: "2020-11-05 08:13:00,bitfinex,BTCUSD,BTC,USD,14480.3288196,14483,14480.3288196,14480.3288196,2.199590..."
 occurred when copying rows to ohlcvs
[2021-05-24 13:00:17,644: WARNING/ForkPoolWorker-7] Exception duplicate key value violates unique constraint "_hyper_2_128_chunk_ts_exch_sym"
DETAIL:  Key ("time", exchange, symbol)=(2020-11-11 14:51:00+00, bitfinex, BTCUSD) already exists.
CONTEXT:  COPY ohlcvs, line 1: "2020-11-11 14:51:00,bitfinex,BTCUSD,BTC,USD,15659,15659,15650,15651,0.95714588,2021-05-19 00:00:00"
 occurred when copying rows to ohlcvs
[2021-05-24 13:00:18,357: WARNING/ForkPoolWorker-7] Exception duplicate key value violates unique constraint "_hyper_2_129_chunk_ts_exch_sym"
DETAIL:  Key ("time", exchange, symbol)=(2020-11-17 21:09:00+00, bitfinex, BTCUSD) already exists.
CONTEXT:  COPY ohlcvs, line 1: "2020-11-17 21:09:00,bitfinex,BTCUSD,BTC,USD,17648,17650,17645,17645.90718576,1.92840362,2021-05-19 0..."
 occurred when copying rows to ohlcvs
[2021-05-24 13:00:19,171: WARNING/ForkPoolWorker-7] Exception duplicate key value violates unique constraint "_hyper_2_224_chunk_ts_exch_sym"
DETAIL:  Key ("time", exchange, symbol)=(2020-11-24 03:09:00+00, bitfinex, BTCUSD) already exists.
CONTEXT:  COPY ohlcvs, line 1: "2020-11-24 03:09:00,bitfinex,BTCUSD,BTC,USD,18346.47209472,18356,18346.47209472,18355,0.39539454,202..."
 occurred when copying rows to ohlcvs
[2021-05-24 13:00:19,965: WARNING/ForkPoolWorker-7] Exception duplicate key value violates unique constraint "_hyper_2_225_chunk_ts_exch_sym"
DETAIL:  Key ("time", exchange, symbol)=(2020-11-30 09:10:00+00, bitfinex, BTCUSD) already exists.
CONTEXT:  COPY ohlcvs, line 1: "2020-11-30 09:10:00,bitfinex,BTCUSD,BTC,USD,18445,18456.28544955,18445,18454.4541,1.82269218,2021-05..."
 occurred when copying rows to ohlcvs
[2021-05-24 13:00:20,537: WARNING/ForkPoolWorker-7] Exception duplicate key value violates unique constraint "_hyper_2_226_chunk_ts_exch_sym"
DETAIL:  Key ("time", exchange, symbol)=(2020-12-06 16:07:00+00, bitfinex, BTCUSD) already exists.
CONTEXT:  COPY ohlcvs, line 1: "2020-12-06 16:07:00,bitfinex,BTCUSD,BTC,USD,19204,19221,19204,19219,3.16225516,2021-05-19 00:00:00"
 occurred when copying rows to ohlcvs
[2021-05-24 13:00:21,073: WARNING/ForkPoolWorker-7] Exception duplicate key value violates unique constraint "_hyper_2_184_chunk_ts_exch_sym"
DETAIL:  Key ("time", exchange, symbol)=(2020-12-13 00:08:00+00, bitfinex, BTCUSD) already exists.
CONTEXT:  COPY ohlcvs, line 1: "2020-12-13 00:08:00,bitfinex,BTCUSD,BTC,USD,18874,18875,18866,18869,0.65930769,2021-05-19 00:00:00"
 occurred when copying rows to ohlcvs
[2021-05-24 13:00:21,586: WARNING/ForkPoolWorker-7] Exception duplicate key value violates unique constraint "_hyper_2_185_chunk_ts_exch_sym"
DETAIL:  Key ("time", exchange, symbol)=(2020-12-19 07:35:00+00, bitfinex, BTCUSD) already exists.
CONTEXT:  COPY ohlcvs, line 1: "2020-12-19 07:35:00,bitfinex,BTCUSD,BTC,USD,23006,23013,23006,23013,0.10769999999999999,2021-05-19 0..."
 occurred when copying rows to ohlcvs
[2021-05-24 13:00:22,372: WARNING/ForkPoolWorker-7] Exception duplicate key value violates unique constraint "_hyper_2_186_chunk_ts_exch_sym"
DETAIL:  Key ("time", exchange, symbol)=(2020-12-25 13:49:00+00, bitfinex, BTCUSD) already exists.
CONTEXT:  COPY ohlcvs, line 1: "2020-12-25 13:49:00,bitfinex,BTCUSD,BTC,USD,24455,24457,24454,24457,10.21863111,2021-05-19 00:00:00"
 occurred when copying rows to ohlcvs
[2021-05-24 13:00:23,229: WARNING/ForkPoolWorker-7] Exception duplicate key value violates unique constraint "_hyper_2_187_chunk_ts_exch_sym"
DETAIL:  Key ("time", exchange, symbol)=(2020-12-31 19:51:00+00, bitfinex, BTCUSD) already exists.
CONTEXT:  COPY ohlcvs, line 1: "2020-12-31 19:51:00,bitfinex,BTCUSD,BTC,USD,28911,28932,28911,28925,5.39516992,2021-05-19 00:00:00"
 occurred when copying rows to ohlcvs
[2021-05-24 13:00:25,725: WARNING/ForkPoolWorker-7] Exception duplicate key value violates unique constraint "_hyper_2_188_chunk_ts_exch_sym"
DETAIL:  Key ("time", exchange, symbol)=(2021-01-07 01:54:00+00, bitfinex, BTCUSD) already exists.
CONTEXT:  COPY ohlcvs, line 1: "2021-01-07 01:54:00,bitfinex,BTCUSD,BTC,USD,36813,36887,36813,36887,9.6666276,2021-05-19 00:00:00"
 occurred when copying rows to ohlcvs
[2021-05-24 13:00:26,229: WARNING/ForkPoolWorker-7] Exception duplicate key value violates unique constraint "_hyper_2_188_chunk_ts_exch_sym"
DETAIL:  Key ("time", exchange, symbol)=(2021-01-13 07:53:00+00, bitfinex, BTCUSD) already exists.
CONTEXT:  COPY ohlcvs, line 1: "2021-01-13 07:53:00,bitfinex,BTCUSD,BTC,USD,35010,35213,35009,35166,215.55730516,2021-05-19 00:00:00"
 occurred when copying rows to ohlcvs
[2021-05-24 13:00:26,741: WARNING/ForkPoolWorker-7] Exception duplicate key value violates unique constraint "_hyper_2_189_chunk_ts_exch_sym"
DETAIL:  Key ("time", exchange, symbol)=(2021-01-19 13:53:00+00, bitfinex, BTCUSD) already exists.
CONTEXT:  COPY ohlcvs, line 1: "2021-01-19 13:53:00,bitfinex,BTCUSD,BTC,USD,37205,37215,37191,37210,1.12862368,2021-05-19 00:00:00"
 occurred when copying rows to ohlcvs
[2021-05-24 13:00:27,495: WARNING/ForkPoolWorker-7] Exception duplicate key value violates unique constraint "_hyper_2_190_chunk_ts_exch_sym"
DETAIL:  Key ("time", exchange, symbol)=(2021-01-25 19:53:00+00, bitfinex, BTCUSD) already exists.
CONTEXT:  COPY ohlcvs, line 1: "2021-01-25 19:53:00,bitfinex,BTCUSD,BTC,USD,33661,33702,33661,33695,0.33701605,2021-05-19 00:00:00"
 occurred when copying rows to ohlcvs
[2021-05-24 13:00:28,414: WARNING/ForkPoolWorker-7] Exception duplicate key value violates unique constraint "_hyper_2_221_chunk_ts_exch_sym"
DETAIL:  Key ("time", exchange, symbol)=(2021-02-01 01:53:00+00, bitfinex, BTCUSD) already exists.
CONTEXT:  COPY ohlcvs, line 1: "2021-02-01 01:53:00,bitfinex,BTCUSD,BTC,USD,33541,33541,33442,33452,2.26466398,2021-05-19 00:00:00"
 occurred when copying rows to ohlcvs
[2021-05-24 13:00:29,215: WARNING/ForkPoolWorker-7] Exception duplicate key value violates unique constraint "_hyper_2_222_chunk_ts_exch_sym"
DETAIL:  Key ("time", exchange, symbol)=(2021-02-07 07:56:00+00, bitfinex, BTCUSD) already exists.
CONTEXT:  COPY ohlcvs, line 1: "2021-02-07 07:56:00,bitfinex,BTCUSD,BTC,USD,39034,39040,39013,39040,1.31809482,2021-05-19 00:00:00"
 occurred when copying rows to ohlcvs
[2021-05-24 13:00:30,904: WARNING/ForkPoolWorker-7] Exception duplicate key value violates unique constraint "_hyper_2_223_chunk_ts_exch_sym"
DETAIL:  Key ("time", exchange, symbol)=(2021-02-13 13:55:00+00, bitfinex, BTCUSD) already exists.
CONTEXT:  COPY ohlcvs, line 1: "2021-02-13 13:55:00,bitfinex,BTCUSD,BTC,USD,46972,46972,46906.361703,46921,1.92542502,2021-05-19 00:..."
 occurred when copying rows to ohlcvs
[2021-05-24 13:00:31,616: WARNING/ForkPoolWorker-7] Exception duplicate key value violates unique constraint "_hyper_2_132_chunk_ts_exch_sym"
DETAIL:  Key ("time", exchange, symbol)=(2021-02-19 19:54:00+00, bitfinex, BTCUSD) already exists.
CONTEXT:  COPY ohlcvs, line 1: "2021-02-19 19:54:00,bitfinex,BTCUSD,BTC,USD,54693.15051024,54788,54679.82371918,54787,8.38281298,202..."
 occurred when copying rows to ohlcvs
[2021-05-24 13:00:32,157: WARNING/ForkPoolWorker-7] Exception duplicate key value violates unique constraint "_hyper_2_133_chunk_ts_exch_sym"
DETAIL:  Key ("time", exchange, symbol)=(2021-02-26 01:53:00+00, bitfinex, BTCUSD) already exists.
CONTEXT:  COPY ohlcvs, line 1: "2021-02-26 01:53:00,bitfinex,BTCUSD,BTC,USD,46340,46580,46340,46457,26.22836405,2021-05-19 00:00:00"
 occurred when copying rows to ohlcvs
[2021-05-24 13:00:32,710: WARNING/ForkPoolWorker-7] Exception duplicate key value violates unique constraint "_hyper_2_134_chunk_ts_exch_sym"
DETAIL:  Key ("time", exchange, symbol)=(2021-03-04 07:53:00+00, bitfinex, BTCUSD) already exists.
CONTEXT:  COPY ohlcvs, line 1: "2021-03-04 07:53:00,bitfinex,BTCUSD,BTC,USD,49655.47178592,49655.47178592,49600,49603,0.645704000000..."
 occurred when copying rows to ohlcvs
[2021-05-24 13:00:33,609: WARNING/ForkPoolWorker-7] Exception duplicate key value violates unique constraint "_hyper_2_134_chunk_ts_exch_sym"
DETAIL:  Key ("time", exchange, symbol)=(2021-03-10 13:56:00+00, bitfinex, BTCUSD) already exists.
CONTEXT:  COPY ohlcvs, line 1: "2021-03-10 13:56:00,bitfinex,BTCUSD,BTC,USD,56199.89178075,56255,56193,56243,4.5483833,2021-05-19 00..."
 occurred when copying rows to ohlcvs
[2021-05-24 13:00:34,560: WARNING/ForkPoolWorker-7] Exception duplicate key value violates unique constraint "_hyper_2_135_chunk_ts_exch_sym"
DETAIL:  Key ("time", exchange, symbol)=(2021-03-16 19:56:00+00, bitfinex, BTCUSD) already exists.
CONTEXT:  COPY ohlcvs, line 1: "2021-03-16 19:56:00,bitfinex,BTCUSD,BTC,USD,55707,55708,55707,55708,0.49474555000000003,2021-05-19 0..."
 occurred when copying rows to ohlcvs
[2021-05-24 13:00:35,277: WARNING/ForkPoolWorker-7] Exception duplicate key value violates unique constraint "_hyper_2_136_chunk_ts_exch_sym"
DETAIL:  Key ("time", exchange, symbol)=(2021-03-23 02:04:00+00, bitfinex, BTCUSD) already exists.
CONTEXT:  COPY ohlcvs, line 1: "2021-03-23 02:04:00,bitfinex,BTCUSD,BTC,USD,55005,55051,55004,55016,0.38218992,2021-05-19 00:00:00"
 occurred when copying rows to ohlcvs
[2021-05-24 13:00:36,174: WARNING/ForkPoolWorker-7] Exception duplicate key value violates unique constraint "_hyper_2_137_chunk_ts_exch_sym"
DETAIL:  Key ("time", exchange, symbol)=(2021-03-29 08:08:00+00, bitfinex, BTCUSD) already exists.
CONTEXT:  COPY ohlcvs, line 1: "2021-03-29 08:08:00,bitfinex,BTCUSD,BTC,USD,56100.28268726,56136,56100.28268726,56135,0.88234683,202..."
 occurred when copying rows to ohlcvs
[2021-05-24 13:00:36,763: WARNING/ForkPoolWorker-7] Exception duplicate key value violates unique constraint "_hyper_2_238_chunk_ts_exch_sym"
DETAIL:  Key ("time", exchange, symbol)=(2021-04-04 14:27:00+00, bitfinex, BTCUSD) already exists.
CONTEXT:  COPY ohlcvs, line 1: "2021-04-04 14:27:00,bitfinex,BTCUSD,BTC,USD,58165,58195,58165,58194,0.60513895,2021-05-19 00:00:00"
 occurred when copying rows to ohlcvs
[2021-05-24 13:00:37,580: WARNING/ForkPoolWorker-7] Exception duplicate key value violates unique constraint "_hyper_2_239_chunk_ts_exch_sym"
DETAIL:  Key ("time", exchange, symbol)=(2021-04-10 20:52:00+00, bitfinex, BTCUSD) already exists.
CONTEXT:  COPY ohlcvs, line 1: "2021-04-10 20:52:00,bitfinex,BTCUSD,BTC,USD,58838,59042,58709,58764.9356305,47.15309051,2021-05-19 0..."
 occurred when copying rows to ohlcvs
[2021-05-24 13:00:38,367: WARNING/ForkPoolWorker-7] Exception duplicate key value violates unique constraint "_hyper_2_240_chunk_ts_exch_sym"
DETAIL:  Key ("time", exchange, symbol)=(2021-04-17 03:00:00+00, bitfinex, BTCUSD) already exists.
CONTEXT:  COPY ohlcvs, line 1: "2021-04-17 03:00:00,bitfinex,BTCUSD,BTC,USD,62161.87425141,62225,62161.87425141,62224,2.50233673,202..."
 occurred when copying rows to ohlcvs
[2021-05-24 13:00:40,062: WARNING/ForkPoolWorker-7] Exception duplicate key value violates unique constraint "_hyper_2_241_chunk_ts_exch_sym"
DETAIL:  Key ("time", exchange, symbol)=(2021-04-23 08:59:00+00, bitfinex, BTCUSD) already exists.
CONTEXT:  COPY ohlcvs, line 1: "2021-04-23 08:59:00,bitfinex,BTCUSD,BTC,USD,48893.73011808,48896,48792,48845,24.63728268,2021-05-19 ..."
 occurred when copying rows to ohlcvs
[2021-05-24 13:00:40,632: WARNING/ForkPoolWorker-7] Exception duplicate key value violates unique constraint "_hyper_2_242_chunk_ts_exch_sym"
DETAIL:  Key ("time", exchange, symbol)=(2021-04-29 15:07:00+00, bitfinex, BTCUSD) already exists.
CONTEXT:  COPY ohlcvs, line 1: "2021-04-29 15:07:00,bitfinex,BTCUSD,BTC,USD,53690.82581448,53716,53690.82581448,53716,0.330097849999..."
 occurred when copying rows to ohlcvs
[2021-05-24 13:00:41,438: WARNING/ForkPoolWorker-7] Exception duplicate key value violates unique constraint "_hyper_2_242_chunk_ts_exch_sym"
DETAIL:  Key ("time", exchange, symbol)=(2021-05-05 21:16:00+00, bitfinex, BTCUSD) already exists.
CONTEXT:  COPY ohlcvs, line 1: "2021-05-05 21:16:00,bitfinex,BTCUSD,BTC,USD,56971,56971,56930,56939,2.47663491,2021-05-19 00:00:00"
 occurred when copying rows to ohlcvs
[2021-05-24 13:00:42,185: WARNING/ForkPoolWorker-7] Exception duplicate key value violates unique constraint "_hyper_2_143_chunk_ts_exch_sym"
DETAIL:  Key ("time", exchange, symbol)=(2021-05-12 03:18:00+00, bitfinex, BTCUSD) already exists.
CONTEXT:  COPY ohlcvs, line 1: "2021-05-12 03:18:00,bitfinex,BTCUSD,BTC,USD,57152,57153,57110,57124,1.51963052,2021-05-19 00:00:00"
 occurred when copying rows to ohlcvs
[2021-05-24 13:00:43,079: INFO/ForkPoolWorker-7] Task celery_tasks.bitfinex_fetchOHLCV_OnDemand_task[babab8e2-64d3-405b-9d8b-6c3282d2b6f5] succeeded in 52.271195612847805s: None
